Log file open, 10/23/19 10:03:00
LogWindows: Failed to load 'aqProf.dll' (GetLastError=126)
LogWindows: File 'aqProf.dll' does not exist
LogWindows: Failed to load 'VtuneApi.dll' (GetLastError=126)
LogWindows: File 'VtuneApi.dll' does not exist
LogWindows: Failed to load 'VtuneApi32e.dll' (GetLastError=126)
LogWindows: File 'VtuneApi32e.dll' does not exist
LogConsoleResponse: Display: Failed to find resolution value strings in scalability ini. Falling back to default.
LogInit: Display: Running engine for game: blank
LogPakFile: Registered encryption key '00000000000000000000000000000000': 0 pak files mounted, 0 remain pending
LogPlatformFile: Not using cached read wrapper
LogTaskGraph: Started task graph with 5 named threads and 35 total threads with 3 sets of task threads.
LogStats: Stats thread started at 0.389888
LogD3D11RHI: Loaded GFSDK_Aftermath_Lib.x64.dll
LogICUInternationalization: ICU TimeZone Detection - Raw Offset: +8:00, Platform Override: ''
LogPluginManager: Mounting plugin Paper2D
LogPluginManager: Mounting plugin AISupport
LogPluginManager: Mounting plugin LightPropagationVolume
LogPluginManager: Mounting plugin ActorLayerUtilities
LogPluginManager: Mounting plugin AnimationSharing
LogPluginManager: Mounting plugin CLionSourceCodeAccess
LogPluginManager: Mounting plugin CodeLiteSourceCodeAccess
LogPluginManager: Mounting plugin GitSourceControl
LogPluginManager: Mounting plugin KDevelopSourceCodeAccess
LogPluginManager: Mounting plugin NullSourceCodeAccess
LogPluginManager: Mounting plugin PerforceSourceControl
LogPluginManager: Mounting plugin SubversionSourceControl
LogPluginManager: Mounting plugin UObjectPlugin
LogPluginManager: Mounting plugin VisualStudioCodeSourceCodeAccess
LogPluginManager: Mounting plugin VisualStudioSourceCodeAccess
LogPluginManager: Mounting plugin XCodeSourceCodeAccess
LogPluginManager: Mounting plugin AssetManagerEditor
LogPluginManager: Mounting plugin CryptoKeys
LogPluginManager: Mounting plugin DataValidation
LogPluginManager: Mounting plugin EditorScriptingUtilities
LogPluginManager: Mounting plugin FacialAnimation
LogPluginManager: Mounting plugin GameplayTagsEditor
LogPluginManager: Mounting plugin MacGraphicsSwitching
LogPluginManager: Mounting plugin MaterialAnalyzer
LogPluginManager: Mounting plugin MobileLauncherProfileWizard
LogPluginManager: Mounting plugin PluginBrowser
LogPluginManager: Mounting plugin SpeedTreeImporter
LogPluginManager: Mounting plugin DatasmithContent
LogPluginManager: Mounting plugin VariantManagerContent
LogPluginManager: Mounting plugin AlembicImporter
LogPluginManager: Mounting plugin AppleImageUtils
LogPluginManager: Mounting plugin AppleVision
LogPluginManager: Mounting plugin BackChannel
LogPluginManager: Mounting plugin CharacterAI
LogPluginManager: Mounting plugin GeometryCache
LogPluginManager: Mounting plugin HTML5Networking
LogPluginManager: Mounting plugin ProxyLODPlugin
LogPluginManager: Mounting plugin PythonScriptPlugin
LogPluginManager: Mounting plugin SkeletalReduction
LogPluginManager: Mounting plugin MagicLeap
LogPluginManager: Mounting plugin MagicLeapMedia
LogPluginManager: Mounting plugin AndroidMedia
LogPluginManager: Mounting plugin AvfMedia
LogPluginManager: Mounting plugin ImgMedia
LogPluginManager: Mounting plugin LinearTimecode
LogPluginManager: Mounting plugin MediaCompositing
LogPluginManager: Mounting plugin MediaPlayerEditor
LogPluginManager: Mounting plugin WebMMedia
LogPluginManager: Mounting plugin WmfMedia
LogPluginManager: Mounting plugin TcpMessaging
LogPluginManager: Mounting plugin UdpMessaging
LogPluginManager: Mounting plugin ActorSequence
LogPluginManager: Mounting plugin LevelSequenceEditor
LogPluginManager: Mounting plugin MatineeToLevelSequence
LogPluginManager: Mounting plugin NetcodeUnitTest
LogPluginManager: Mounting plugin NUTUnrealEngine4
LogPluginManager: Mounting plugin OnlineSubsystemGooglePlay
LogPluginManager: Mounting plugin OnlineSubsystemIOS
LogPluginManager: Mounting plugin OnlineSubsystem
LogPluginManager: Mounting plugin OnlineSubsystemNull
LogPluginManager: Mounting plugin OnlineSubsystemUtils
LogPluginManager: Mounting plugin LauncherChunkInstaller
LogPluginManager: Mounting plugin AndroidDeviceProfileSelector
LogPluginManager: Mounting plugin AndroidMoviePlayer
LogPluginManager: Mounting plugin AndroidPermission
LogPluginManager: Mounting plugin AppleMoviePlayer
LogPluginManager: Mounting plugin ArchVisCharacter
LogPluginManager: Mounting plugin AudioCapture
LogPluginManager: Mounting plugin CableComponent
LogPluginManager: Mounting plugin CustomMeshComponent
LogPluginManager: Mounting plugin EditableMesh
LogPluginManager: Mounting plugin ExampleDeviceProfileSelector
LogPluginManager: Mounting plugin Firebase
LogPluginManager: Mounting plugin GoogleCloudMessaging
LogPluginManager: Mounting plugin IOSDeviceProfileSelector
LogPluginManager: Mounting plugin LinuxDeviceProfileSelector
LogPluginManager: Mounting plugin LocationServicesBPLibrary
LogPluginManager: Mounting plugin MobilePatchingUtils
LogPluginManager: Mounting plugin OculusVR
LogPluginManager: Mounting plugin PhysXVehicles
LogPluginManager: Mounting plugin ProceduralMeshComponent
LogPluginManager: Mounting plugin RuntimePhysXCooking
LogPluginManager: Mounting plugin SignificanceManager
LogPluginManager: Mounting plugin SteamVR
LogPluginManager: Mounting plugin WebMMoviePlayer
LogPluginManager: Mounting plugin WindowsMoviePlayer
LogInit: Using libcurl 7.55.1-DEV
LogInit:  - built for x86_64-pc-win32
LogInit:  - supports SSL with OpenSSL/1.1.1
LogInit:  - supports HTTP deflate (compression) using libz 1.2.8
LogInit:  - other features:
LogInit:      CURL_VERSION_SSL
LogInit:      CURL_VERSION_LIBZ
LogInit:      CURL_VERSION_IPV6
LogInit:      CURL_VERSION_ASYNCHDNS
LogInit:      CURL_VERSION_LARGEFILE
LogInit:      CURL_VERSION_IDN
LogInit:  CurlRequestOptions (configurable via config and command line):
LogInit:  - bVerifyPeer = true  - Libcurl will verify peer certificate
LogInit:  - bUseHttpProxy = false  - Libcurl will NOT use HTTP proxy
LogInit:  - bDontReuseConnections = false  - Libcurl will reuse connections
LogInit:  - MaxHostConnections = 16  - Libcurl will limit the number of connections to a host
LogInit:  - LocalHostAddr = Default
LogInit:  - BufferSize = 65536
LogInit: WinSock: version 1.1 (2.2), MaxSocks=32767, MaxUdp=65467
LogInit: Build: ++UE4+Release-4.22-CL-0
LogInit: Engine Version: 4.22.3-0+++UE4+Release-4.22
LogInit: Compatible Engine Version: 4.22.0-0+++UE4+Release-4.22
LogInit: Net CL: 0
LogInit: OS: Windows 10 (Release 1803) (), CPU: Intel(R) Core(TM) i7-8700 CPU @ 3.20GHz, GPU: NVIDIA GeForce GTX 1050
LogInit: Compiled (64-bit): Aug 22 2019 12:01:00
LogInit: Compiled with Visual C++: 19.16.27032.01
LogInit: Build Configuration: Development
LogInit: Branch Name: ++UE4+Release-4.22
LogInit: Command Line: 
LogInit: Base Directory: E:/UnrealEngine-4.22.3-release/Engine/Binaries/Win64/
LogInit: Installed Engine Build: 0
LogDevObjectVersion: Number of dev versions registered: 23
LogDevObjectVersion:   Dev-Blueprints (B0D832E4-1F89-4F0D-ACCF-7EB736FD4AA2): 10
LogDevObjectVersion:   Dev-Build (E1C64328-A22C-4D53-A36C-8E866417BD8C): 0
LogDevObjectVersion:   Dev-Core (375EC13C-06E4-48FB-B500-84F0262A717E): 3
LogDevObjectVersion:   Dev-Editor (E4B068ED-F494-42E9-A231-DA0B2E46BB41): 30
LogDevObjectVersion:   Dev-Framework (CFFC743F-43B0-4480-9391-14DF171D2073): 35
LogDevObjectVersion:   Dev-Mobile (B02B49B5-BB20-44E9-A304-32B752E40360): 2
LogDevObjectVersion:   Dev-Networking (A4E4105C-59A1-49B5-A7C5-40C4547EDFEE): 0
LogDevObjectVersion:   Dev-Online (39C831C9-5AE6-47DC-9A44-9C173E1C8E7C): 0
LogDevObjectVersion:   Dev-Physics (78F01B33-EBEA-4F98-B9B4-84EACCB95AA2): 0
LogDevObjectVersion:   Dev-Platform (6631380F-2D4D-43E0-8009-CF276956A95A): 0
LogDevObjectVersion:   Dev-Rendering (12F88B9F-8875-4AFC-A67C-D90C383ABD29): 28
LogDevObjectVersion:   Dev-Sequencer (7B5AE74C-D270-4C10-A958-57980B212A5A): 11
LogDevObjectVersion:   Dev-VR (D7296918-1DD6-4BDD-9DE2-64A83CC13884): 2
LogDevObjectVersion:   Dev-LoadTimes (C2A15278-BFE7-4AFE-6C17-90FF531DF755): 1
LogDevObjectVersion:   Private-Geometry (6EACA3D4-40EC-4CC1-B786-8BED09428FC5): 3
LogDevObjectVersion:   Dev-AnimPhys (29E575DD-E0A3-4627-9D10-D276232CDCEA): 17
LogDevObjectVersion:   Dev-Anim (AF43A65D-7FD3-4947-9873-3E8ED9C1BB05): 2
LogDevObjectVersion:   Dev-ReflectionCapture (6B266CEC-1EC7-4B8F-A30B-E4D90942FC07): 1
LogDevObjectVersion:   Dev-Automation (0DF73D61-A23F-47EA-B727-89E90C41499A): 1
LogDevObjectVersion:   FortniteMain (601D1886-AC64-4F84-AA16-D3DE0DEAC7D6): 25
LogDevObjectVersion:   Dev-Enterprise (9DFFBCD6-494F-0158-E221-12823C92A888): 6
LogDevObjectVersion:   Dev-Niagara (F2AED0AC-9AFE-416F-8664-AA7FFA26D6FC): 1
LogDevObjectVersion:   Dev-Destruction (174F1F0B-B4C6-45A5-B13F-2EE8D0FB917D): 2
LogInit: Presizing for max 16777216 objects, including 0 objects not considered by GC, pre-allocating 0 bytes for permanent pool.
LogInit: Object subsystem initialized
LogConfig: Setting CVar [[con.DebugEarlyDefault:1]]
LogConfig: Setting CVar [[r.setres:1280x720]]
[2019.10.23-02.03.01:446][  0]LogConfig: Setting CVar [[r.VSync:0]]
[2019.10.23-02.03.01:446][  0]LogConfig: Setting CVar [[r.RHICmdBypass:0]]
[2019.10.23-02.03.01:446][  0]LogConfig: Applying CVar settings from Section [/Script/Engine.RendererSettings] File [E:/Unreal Projects/blank/Saved/Config/Windows/Engine.ini]
[2019.10.23-02.03.01:446][  0]LogConfig: Setting CVar [[r.GPUCrashDebugging:0]]
[2019.10.23-02.03.01:446][  0]LogConfig: Setting CVar [[r.DefaultFeature.AutoExposure.ExtendDefaultLuminanceRange:1]]
[2019.10.23-02.03.01:446][  0]LogConfig: Applying CVar settings from Section [/Script/Engine.RendererOverrideSettings] File [E:/Unreal Projects/blank/Saved/Config/Windows/Engine.ini]
[2019.10.23-02.03.01:446][  0]LogConfig: Applying CVar settings from Section [/Script/Engine.StreamingSettings] File [E:/Unreal Projects/blank/Saved/Config/Windows/Engine.ini]
[2019.10.23-02.03.01:446][  0]LogConfig: Setting CVar [[s.MinBulkDataSizeForAsyncLoading:131072]]
[2019.10.23-02.03.01:446][  0]LogConfig: Setting CVar [[s.AsyncLoadingThreadEnabled:0]]
[2019.10.23-02.03.01:446][  0]LogConfig: Setting CVar [[s.EventDrivenLoaderEnabled:1]]
[2019.10.23-02.03.01:446][  0]LogConfig: Setting CVar [[s.WarnIfTimeLimitExceeded:0]]
[2019.10.23-02.03.01:446][  0]LogConfig: Setting CVar [[s.TimeLimitExceededMultiplier:1.5]]
[2019.10.23-02.03.01:446][  0]LogConfig: Setting CVar [[s.TimeLimitExceededMinTime:0.005]]
[2019.10.23-02.03.01:447][  0]LogConfig: Setting CVar [[s.UseBackgroundLevelStreaming:1]]
[2019.10.23-02.03.01:447][  0]LogConfig: Setting CVar [[s.PriorityAsyncLoadingExtraTime:15.0]]
[2019.10.23-02.03.01:447][  0]LogConfig: Setting CVar [[s.LevelStreamingActorsUpdateTimeLimit:5.0]]
[2019.10.23-02.03.01:447][  0]LogConfig: Setting CVar [[s.PriorityLevelStreamingActorsUpdateExtraTime:5.0]]
[2019.10.23-02.03.01:447][  0]LogConfig: Setting CVar [[s.LevelStreamingComponentsRegistrationGranularity:10]]
[2019.10.23-02.03.01:447][  0]LogConfig: Setting CVar [[s.UnregisterComponentsTimeLimit:1.0]]
[2019.10.23-02.03.01:447][  0]LogConfig: Setting CVar [[s.LevelStreamingComponentsUnregistrationGranularity:5]]
[2019.10.23-02.03.01:447][  0]LogConfig: Applying CVar settings from Section [/Script/Engine.GarbageCollectionSettings] File [E:/Unreal Projects/blank/Saved/Config/Windows/Engine.ini]
[2019.10.23-02.03.01:447][  0]LogConfig: Setting CVar [[gc.MaxObjectsNotConsideredByGC:1]]
[2019.10.23-02.03.01:447][  0]LogConfig: Setting CVar [[gc.SizeOfPermanentObjectPool:0]]
[2019.10.23-02.03.01:447][  0]LogConfig: Setting CVar [[gc.FlushStreamingOnGC:0]]
[2019.10.23-02.03.01:447][  0]LogConfig: Setting CVar [[gc.NumRetriesBeforeForcingGC:10]]
[2019.10.23-02.03.01:447][  0]LogConfig: Setting CVar [[gc.AllowParallelGC:1]]
[2019.10.23-02.03.01:447][  0]LogConfig: Setting CVar [[gc.TimeBetweenPurgingPendingKillObjects:61.1]]
[2019.10.23-02.03.01:447][  0]LogConfig: Setting CVar [[gc.MaxObjectsInEditor:16777216]]
[2019.10.23-02.03.01:447][  0]LogConfig: Setting CVar [[gc.IncrementalBeginDestroyEnabled:1]]
[2019.10.23-02.03.01:447][  0]LogConfig: Setting CVar [[gc.CreateGCClusters:1]]
[2019.10.23-02.03.01:447][  0]LogConfig: Setting CVar [[gc.MinGCClusterSize:5]]
[2019.10.23-02.03.01:447][  0]LogConfig: Setting CVar [[gc.ActorClusteringEnabled:0]]
[2019.10.23-02.03.01:447][  0]LogConfig: Setting CVar [[gc.BlueprintClusteringEnabled:0]]
[2019.10.23-02.03.01:447][  0]LogConfig: Setting CVar [[gc.UseDisregardForGCOnDedicatedServers:0]]
[2019.10.23-02.03.01:447][  0]LogConfig: Applying CVar settings from Section [/Script/Engine.NetworkSettings] File [E:/Unreal Projects/blank/Saved/Config/Windows/Engine.ini]
[2019.10.23-02.03.01:447][  0]LogConfig: Applying CVar settings from Section [/Script/UnrealEd.CookerSettings] File [E:/Unreal Projects/blank/Saved/Config/Windows/Engine.ini]
[2019.10.23-02.03.01:448][  0]LogConfig: Applying CVar settings from Section [ViewDistanceQuality@3] File [E:/Unreal Projects/blank/Saved/Config/Windows/Scalability.ini]
[2019.10.23-02.03.01:448][  0]LogConfig: Setting CVar [[r.SkeletalMeshLODBias:0]]
[2019.10.23-02.03.01:448][  0]LogConfig: Setting CVar [[r.ViewDistanceScale:1.0]]
[2019.10.23-02.03.01:448][  0]LogConfig: Applying CVar settings from Section [AntiAliasingQuality@3] File [E:/Unreal Projects/blank/Saved/Config/Windows/Scalability.ini]
[2019.10.23-02.03.01:448][  0]LogConfig: Setting CVar [[r.PostProcessAAQuality:4]]
[2019.10.23-02.03.01:448][  0]LogConfig: Applying CVar settings from Section [ShadowQuality@3] File [E:/Unreal Projects/blank/Saved/Config/Windows/Scalability.ini]
[2019.10.23-02.03.01:448][  0]LogConfig: Setting CVar [[r.LightFunctionQuality:1]]
[2019.10.23-02.03.01:448][  0]LogConfig: Setting CVar [[r.ShadowQuality:5]]
[2019.10.23-02.03.01:448][  0]LogConfig: Setting CVar [[r.Shadow.CSM.MaxCascades:10]]
[2019.10.23-02.03.01:448][  0]LogConfig: Setting CVar [[r.Shadow.MaxResolution:2048]]
[2019.10.23-02.03.01:448][  0]LogConfig: Setting CVar [[r.Shadow.MaxCSMResolution:2048]]
[2019.10.23-02.03.01:448][  0]LogConfig: Setting CVar [[r.Shadow.RadiusThreshold:0.01]]
[2019.10.23-02.03.01:449][  0]LogConfig: Setting CVar [[r.Shadow.DistanceScale:1.0]]
[2019.10.23-02.03.01:449][  0]LogConfig: Setting CVar [[r.Shadow.CSM.TransitionScale:1.0]]
[2019.10.23-02.03.01:449][  0]LogConfig: Setting CVar [[r.Shadow.PreShadowResolutionFactor:1.0]]
[2019.10.23-02.03.01:449][  0]LogConfig: Setting CVar [[r.DistanceFieldShadowing:1]]
[2019.10.23-02.03.01:449][  0]LogConfig: Setting CVar [[r.DistanceFieldAO:1]]
[2019.10.23-02.03.01:449][  0]LogConfig: Setting CVar [[r.AOQuality:2]]
[2019.10.23-02.03.01:449][  0]LogConfig: Setting CVar [[r.VolumetricFog:1]]
[2019.10.23-02.03.01:449][  0]LogConfig: Setting CVar [[r.VolumetricFog.GridPixelSize:8]]
[2019.10.23-02.03.01:449][  0]LogConfig: Setting CVar [[r.VolumetricFog.GridSizeZ:128]]
[2019.10.23-02.03.01:449][  0]LogConfig: Setting CVar [[r.VolumetricFog.HistoryMissSupersampleCount:4]]
[2019.10.23-02.03.01:449][  0]LogConfig: Setting CVar [[r.LightMaxDrawDistanceScale:1]]
[2019.10.23-02.03.01:449][  0]LogConfig: Setting CVar [[r.CapsuleShadows:1]]
[2019.10.23-02.03.01:449][  0]LogConfig: Applying CVar settings from Section [PostProcessQuality@3] File [E:/Unreal Projects/blank/Saved/Config/Windows/Scalability.ini]
[2019.10.23-02.03.01:449][  0]LogConfig: Setting CVar [[r.MotionBlurQuality:4]]
[2019.10.23-02.03.01:449][  0]LogConfig: Setting CVar [[r.AmbientOcclusionMipLevelFactor:0.4]]
[2019.10.23-02.03.01:449][  0]LogConfig: Setting CVar [[r.AmbientOcclusionMaxQuality:100]]
[2019.10.23-02.03.01:449][  0]LogConfig: Setting CVar [[r.AmbientOcclusionLevels:-1]]
[2019.10.23-02.03.01:449][  0]LogConfig: Setting CVar [[r.AmbientOcclusionRadiusScale:1.0]]
[2019.10.23-02.03.01:449][  0]LogConfig: Setting CVar [[r.DepthOfFieldQuality:2]]
[2019.10.23-02.03.01:449][  0]LogConfig: Setting CVar [[r.RenderTargetPoolMin:400]]
[2019.10.23-02.03.01:449][  0]LogConfig: Setting CVar [[r.LensFlareQuality:2]]
[2019.10.23-02.03.01:449][  0]LogConfig: Setting CVar [[r.SceneColorFringeQuality:1]]
[2019.10.23-02.03.01:449][  0]LogConfig: Setting CVar [[r.EyeAdaptationQuality:2]]
[2019.10.23-02.03.01:449][  0]LogConfig: Setting CVar [[r.BloomQuality:5]]
[2019.10.23-02.03.01:449][  0]LogConfig: Setting CVar [[r.FastBlurThreshold:100]]
[2019.10.23-02.03.01:449][  0]LogConfig: Setting CVar [[r.Upscale.Quality:3]]
[2019.10.23-02.03.01:449][  0]LogConfig: Setting CVar [[r.Tonemapper.GrainQuantization:1]]
[2019.10.23-02.03.01:449][  0]LogConfig: Setting CVar [[r.LightShaftQuality:1]]
[2019.10.23-02.03.01:449][  0]LogConfig: Setting CVar [[r.Filter.SizeScale:1]]
[2019.10.23-02.03.01:449][  0]LogConfig: Setting CVar [[r.Tonemapper.Quality:5]]
[2019.10.23-02.03.01:449][  0]LogConfig: Setting CVar [[r.DOF.Gather.AccumulatorQuality:1        ; higher gathering accumulator quality]]
[2019.10.23-02.03.01:449][  0]LogConfig: Setting CVar [[r.DOF.Gather.PostfilterMethod:1          ; Median3x3 postfilering method]]
[2019.10.23-02.03.01:449][  0]LogConfig: Setting CVar [[r.DOF.Gather.EnableBokehSettings:0       ; no bokeh simulation when gathering]]
[2019.10.23-02.03.01:449][  0]LogConfig: Setting CVar [[r.DOF.Gather.RingCount:4                 ; medium number of samples when gathering]]
[2019.10.23-02.03.01:449][  0]LogConfig: Setting CVar [[r.DOF.Scatter.ForegroundCompositing:1    ; additive foreground scattering]]
[2019.10.23-02.03.01:449][  0]LogConfig: Setting CVar [[r.DOF.Scatter.BackgroundCompositing:2    ; additive background scattering]]
[2019.10.23-02.03.01:449][  0]LogConfig: Setting CVar [[r.DOF.Scatter.EnableBokehSettings:1      ; bokeh simulation when scattering]]
[2019.10.23-02.03.01:449][  0]LogConfig: Setting CVar [[r.DOF.Scatter.MaxSpriteRatio:0.1         ; only a maximum of 10% of scattered bokeh]]
[2019.10.23-02.03.01:449][  0]LogConfig: Setting CVar [[r.DOF.Recombine.Quality:1                ; cheap slight out of focus]]
[2019.10.23-02.03.01:449][  0]LogConfig: Setting CVar [[r.DOF.Recombine.EnableBokehSettings:0    ; no bokeh simulation on slight out of focus]]
[2019.10.23-02.03.01:449][  0]LogConfig: Setting CVar [[r.DOF.TemporalAAQuality:1                ; more stable temporal accumulation]]
[2019.10.23-02.03.01:449][  0]LogConfig: Setting CVar [[r.DOF.Kernel.MaxForegroundRadius:0.025]]
[2019.10.23-02.03.01:449][  0]LogConfig: Setting CVar [[r.DOF.Kernel.MaxBackgroundRadius:0.025]]
[2019.10.23-02.03.01:449][  0]LogConfig: Applying CVar settings from Section [TextureQuality@3] File [E:/Unreal Projects/blank/Saved/Config/Windows/Scalability.ini]
[2019.10.23-02.03.01:449][  0]LogConfig: Setting CVar [[r.Streaming.MipBias:0]]
[2019.10.23-02.03.01:449][  0]LogConfig: Setting CVar [[r.Streaming.AmortizeCPUToGPUCopy:0]]
[2019.10.23-02.03.01:449][  0]LogConfig: Setting CVar [[r.Streaming.MaxNumTexturesToStreamPerFrame:0]]
[2019.10.23-02.03.01:449][  0]LogConfig: Setting CVar [[r.Streaming.Boost:1]]
[2019.10.23-02.03.01:449][  0]LogConfig: Setting CVar [[r.MaxAnisotropy:8]]
[2019.10.23-02.03.01:449][  0]LogConfig: Setting CVar [[r.Streaming.LimitPoolSizeToVRAM:0]]
[2019.10.23-02.03.01:449][  0]LogConfig: Setting CVar [[r.Streaming.PoolSize:1000]]
[2019.10.23-02.03.01:449][  0]LogConfig: Setting CVar [[r.Streaming.MaxEffectiveScreenSize:0]]
[2019.10.23-02.03.01:449][  0]LogConfig: Applying CVar settings from Section [EffectsQuality@3] File [E:/Unreal Projects/blank/Saved/Config/Windows/Scalability.ini]
[2019.10.23-02.03.01:449][  0]LogConfig: Setting CVar [[r.TranslucencyLightingVolumeDim:64]]
[2019.10.23-02.03.01:449][  0]LogConfig: Setting CVar [[r.RefractionQuality:2]]
[2019.10.23-02.03.01:449][  0]LogConfig: Setting CVar [[r.SSR.Quality:3]]
[2019.10.23-02.03.01:449][  0]LogConfig: Setting CVar [[r.SceneColorFormat:4]]
[2019.10.23-02.03.01:449][  0]LogConfig: Setting CVar [[r.DetailMode:2]]
[2019.10.23-02.03.01:449][  0]LogConfig: Setting CVar [[r.TranslucencyVolumeBlur:1]]
[2019.10.23-02.03.01:449][  0]LogConfig: Setting CVar [[r.MaterialQualityLevel:1 ; High quality]]
[2019.10.23-02.03.01:449][  0]LogConfig: Setting CVar [[r.SSS.Scale:1]]
[2019.10.23-02.03.01:449][  0]LogConfig: Setting CVar [[r.SSS.SampleSet:2]]
[2019.10.23-02.03.01:449][  0]LogConfig: Setting CVar [[r.SSS.Quality:1]]
[2019.10.23-02.03.01:449][  0]LogConfig: Setting CVar [[r.SSS.HalfRes:1]]
[2019.10.23-02.03.01:449][  0]LogConfig: Setting CVar [[r.EmitterSpawnRateScale:1.0]]
[2019.10.23-02.03.01:449][  0]LogConfig: Setting CVar [[r.ParticleLightQuality:2]]
[2019.10.23-02.03.01:449][  0]LogConfig: Applying CVar settings from Section [FoliageQuality@3] File [E:/Unreal Projects/blank/Saved/Config/Windows/Scalability.ini]
[2019.10.23-02.03.01:449][  0]LogConfig: Setting CVar [[foliage.DensityScale:1.0]]
[2019.10.23-02.03.01:449][  0]LogConfig: Setting CVar [[grass.DensityScale:1.0]]
[2019.10.23-02.03.01:449][  0]LogInit: Selected Device Profile: [Windows]
[2019.10.23-02.03.01:449][  0]LogInit: Applying CVar settings loaded from the selected device profile: [Windows]
[2019.10.23-02.03.01:500][  0]LogHAL: Display: Platform has ~ 16 GB [16948428800 / 17179869184 / 16], which maps to Larger [LargestMinGB=32, LargerMinGB=12, DefaultMinGB=8, SmallerMinGB=6, SmallestMinGB=0)
[2019.10.23-02.03.01:500][  0]LogConfig: Setting CVar [[r.Vulkan.UseRealUBs:0		; Required until we fix HLR fall-out]]
[2019.10.23-02.03.01:500][  0]LogInit: Going up to parent DeviceProfile []
[2019.10.23-02.03.01:500][  0]LogConfig: Applying CVar settings from Section [ViewDistanceQuality@3] File [E:/Unreal Projects/blank/Saved/Config/Windows/Scalability.ini]
[2019.10.23-02.03.01:500][  0]LogConfig: Setting CVar [[r.SkeletalMeshLODBias:0]]
[2019.10.23-02.03.01:500][  0]LogConfig: Setting CVar [[r.ViewDistanceScale:1.0]]
[2019.10.23-02.03.01:500][  0]LogConfig: Applying CVar settings from Section [AntiAliasingQuality@3] File [E:/Unreal Projects/blank/Saved/Config/Windows/Scalability.ini]
[2019.10.23-02.03.01:500][  0]LogConfig: Setting CVar [[r.PostProcessAAQuality:4]]
[2019.10.23-02.03.01:500][  0]LogConfig: Applying CVar settings from Section [ShadowQuality@3] File [E:/Unreal Projects/blank/Saved/Config/Windows/Scalability.ini]
[2019.10.23-02.03.01:500][  0]LogConfig: Setting CVar [[r.LightFunctionQuality:1]]
[2019.10.23-02.03.01:500][  0]LogConfig: Setting CVar [[r.ShadowQuality:5]]
[2019.10.23-02.03.01:500][  0]LogConfig: Setting CVar [[r.Shadow.CSM.MaxCascades:10]]
[2019.10.23-02.03.01:500][  0]LogConfig: Setting CVar [[r.Shadow.MaxResolution:2048]]
[2019.10.23-02.03.01:500][  0]LogConfig: Setting CVar [[r.Shadow.MaxCSMResolution:2048]]
[2019.10.23-02.03.01:500][  0]LogConfig: Setting CVar [[r.Shadow.RadiusThreshold:0.01]]
[2019.10.23-02.03.01:500][  0]LogConfig: Setting CVar [[r.Shadow.DistanceScale:1.0]]
[2019.10.23-02.03.01:500][  0]LogConfig: Setting CVar [[r.Shadow.CSM.TransitionScale:1.0]]
[2019.10.23-02.03.01:500][  0]LogConfig: Setting CVar [[r.Shadow.PreShadowResolutionFactor:1.0]]
[2019.10.23-02.03.01:500][  0]LogConfig: Setting CVar [[r.DistanceFieldShadowing:1]]
[2019.10.23-02.03.01:500][  0]LogConfig: Setting CVar [[r.DistanceFieldAO:1]]
[2019.10.23-02.03.01:500][  0]LogConfig: Setting CVar [[r.AOQuality:2]]
[2019.10.23-02.03.01:500][  0]LogConfig: Setting CVar [[r.VolumetricFog:1]]
[2019.10.23-02.03.01:500][  0]LogConfig: Setting CVar [[r.VolumetricFog.GridPixelSize:8]]
[2019.10.23-02.03.01:500][  0]LogConfig: Setting CVar [[r.VolumetricFog.GridSizeZ:128]]
[2019.10.23-02.03.01:500][  0]LogConfig: Setting CVar [[r.VolumetricFog.HistoryMissSupersampleCount:4]]
[2019.10.23-02.03.01:500][  0]LogConfig: Setting CVar [[r.LightMaxDrawDistanceScale:1]]
[2019.10.23-02.03.01:500][  0]LogConfig: Setting CVar [[r.CapsuleShadows:1]]
[2019.10.23-02.03.01:500][  0]LogConfig: Applying CVar settings from Section [PostProcessQuality@3] File [E:/Unreal Projects/blank/Saved/Config/Windows/Scalability.ini]
[2019.10.23-02.03.01:500][  0]LogConfig: Setting CVar [[r.MotionBlurQuality:4]]
[2019.10.23-02.03.01:500][  0]LogConfig: Setting CVar [[r.AmbientOcclusionMipLevelFactor:0.4]]
[2019.10.23-02.03.01:500][  0]LogConfig: Setting CVar [[r.AmbientOcclusionMaxQuality:100]]
[2019.10.23-02.03.01:500][  0]LogConfig: Setting CVar [[r.AmbientOcclusionLevels:-1]]
[2019.10.23-02.03.01:500][  0]LogConfig: Setting CVar [[r.AmbientOcclusionRadiusScale:1.0]]
[2019.10.23-02.03.01:500][  0]LogConfig: Setting CVar [[r.DepthOfFieldQuality:2]]
[2019.10.23-02.03.01:500][  0]LogConfig: Setting CVar [[r.RenderTargetPoolMin:400]]
[2019.10.23-02.03.01:500][  0]LogConfig: Setting CVar [[r.LensFlareQuality:2]]
[2019.10.23-02.03.01:500][  0]LogConfig: Setting CVar [[r.SceneColorFringeQuality:1]]
[2019.10.23-02.03.01:500][  0]LogConfig: Setting CVar [[r.EyeAdaptationQuality:2]]
[2019.10.23-02.03.01:500][  0]LogConfig: Setting CVar [[r.BloomQuality:5]]
[2019.10.23-02.03.01:500][  0]LogConfig: Setting CVar [[r.FastBlurThreshold:100]]
[2019.10.23-02.03.01:500][  0]LogConfig: Setting CVar [[r.Upscale.Quality:3]]
[2019.10.23-02.03.01:500][  0]LogConfig: Setting CVar [[r.Tonemapper.GrainQuantization:1]]
[2019.10.23-02.03.01:500][  0]LogConfig: Setting CVar [[r.LightShaftQuality:1]]
[2019.10.23-02.03.01:500][  0]LogConfig: Setting CVar [[r.Filter.SizeScale:1]]
[2019.10.23-02.03.01:500][  0]LogConfig: Setting CVar [[r.Tonemapper.Quality:5]]
[2019.10.23-02.03.01:500][  0]LogConfig: Setting CVar [[r.DOF.Gather.AccumulatorQuality:1        ; higher gathering accumulator quality]]
[2019.10.23-02.03.01:500][  0]LogConfig: Setting CVar [[r.DOF.Gather.PostfilterMethod:1          ; Median3x3 postfilering method]]
[2019.10.23-02.03.01:500][  0]LogConfig: Setting CVar [[r.DOF.Gather.EnableBokehSettings:0       ; no bokeh simulation when gathering]]
[2019.10.23-02.03.01:500][  0]LogConfig: Setting CVar [[r.DOF.Gather.RingCount:4                 ; medium number of samples when gathering]]
[2019.10.23-02.03.01:500][  0]LogConfig: Setting CVar [[r.DOF.Scatter.ForegroundCompositing:1    ; additive foreground scattering]]
[2019.10.23-02.03.01:500][  0]LogConfig: Setting CVar [[r.DOF.Scatter.BackgroundCompositing:2    ; additive background scattering]]
[2019.10.23-02.03.01:500][  0]LogConfig: Setting CVar [[r.DOF.Scatter.EnableBokehSettings:1      ; bokeh simulation when scattering]]
[2019.10.23-02.03.01:500][  0]LogConfig: Setting CVar [[r.DOF.Scatter.MaxSpriteRatio:0.1         ; only a maximum of 10% of scattered bokeh]]
[2019.10.23-02.03.01:501][  0]LogConfig: Setting CVar [[r.DOF.Recombine.Quality:1                ; cheap slight out of focus]]
[2019.10.23-02.03.01:501][  0]LogConfig: Setting CVar [[r.DOF.Recombine.EnableBokehSettings:0    ; no bokeh simulation on slight out of focus]]
[2019.10.23-02.03.01:501][  0]LogConfig: Setting CVar [[r.DOF.TemporalAAQuality:1                ; more stable temporal accumulation]]
[2019.10.23-02.03.01:501][  0]LogConfig: Setting CVar [[r.DOF.Kernel.MaxForegroundRadius:0.025]]
[2019.10.23-02.03.01:501][  0]LogConfig: Setting CVar [[r.DOF.Kernel.MaxBackgroundRadius:0.025]]
[2019.10.23-02.03.01:501][  0]LogConfig: Applying CVar settings from Section [TextureQuality@3] File [E:/Unreal Projects/blank/Saved/Config/Windows/Scalability.ini]
[2019.10.23-02.03.01:501][  0]LogConfig: Setting CVar [[r.Streaming.MipBias:0]]
[2019.10.23-02.03.01:501][  0]LogConfig: Setting CVar [[r.Streaming.AmortizeCPUToGPUCopy:0]]
[2019.10.23-02.03.01:501][  0]LogConfig: Setting CVar [[r.Streaming.MaxNumTexturesToStreamPerFrame:0]]
[2019.10.23-02.03.01:501][  0]LogConfig: Setting CVar [[r.Streaming.Boost:1]]
[2019.10.23-02.03.01:501][  0]LogConfig: Setting CVar [[r.MaxAnisotropy:8]]
[2019.10.23-02.03.01:501][  0]LogConfig: Setting CVar [[r.Streaming.LimitPoolSizeToVRAM:0]]
[2019.10.23-02.03.01:501][  0]LogConfig: Setting CVar [[r.Streaming.PoolSize:1000]]
[2019.10.23-02.03.01:501][  0]LogConfig: Setting CVar [[r.Streaming.MaxEffectiveScreenSize:0]]
[2019.10.23-02.03.01:501][  0]LogConfig: Applying CVar settings from Section [EffectsQuality@3] File [E:/Unreal Projects/blank/Saved/Config/Windows/Scalability.ini]
[2019.10.23-02.03.01:501][  0]LogConfig: Setting CVar [[r.TranslucencyLightingVolumeDim:64]]
[2019.10.23-02.03.01:501][  0]LogConfig: Setting CVar [[r.RefractionQuality:2]]
[2019.10.23-02.03.01:501][  0]LogConfig: Setting CVar [[r.SSR.Quality:3]]
[2019.10.23-02.03.01:501][  0]LogConfig: Setting CVar [[r.SceneColorFormat:4]]
[2019.10.23-02.03.01:501][  0]LogConfig: Setting CVar [[r.DetailMode:2]]
[2019.10.23-02.03.01:501][  0]LogConfig: Setting CVar [[r.TranslucencyVolumeBlur:1]]
[2019.10.23-02.03.01:501][  0]LogConfig: Setting CVar [[r.MaterialQualityLevel:1 ; High quality]]
[2019.10.23-02.03.01:501][  0]LogConfig: Setting CVar [[r.SSS.Scale:1]]
[2019.10.23-02.03.01:501][  0]LogConfig: Setting CVar [[r.SSS.SampleSet:2]]
[2019.10.23-02.03.01:501][  0]LogConfig: Setting CVar [[r.SSS.Quality:1]]
[2019.10.23-02.03.01:501][  0]LogConfig: Setting CVar [[r.SSS.HalfRes:1]]
[2019.10.23-02.03.01:501][  0]LogConfig: Setting CVar [[r.EmitterSpawnRateScale:1.0]]
[2019.10.23-02.03.01:501][  0]LogConfig: Setting CVar [[r.ParticleLightQuality:2]]
[2019.10.23-02.03.01:501][  0]LogConfig: Applying CVar settings from Section [FoliageQuality@3] File [E:/Unreal Projects/blank/Saved/Config/Windows/Scalability.ini]
[2019.10.23-02.03.01:501][  0]LogConfig: Setting CVar [[foliage.DensityScale:1.0]]
[2019.10.23-02.03.01:501][  0]LogConfig: Setting CVar [[grass.DensityScale:1.0]]
[2019.10.23-02.03.01:501][  0]LogConfig: Applying CVar settings from Section [Startup] File [../../../Engine/Config/ConsoleVariables.ini]
[2019.10.23-02.03.01:501][  0]LogConfig: Setting CVar [[net.UseAdaptiveNetUpdateFrequency:0]]
[2019.10.23-02.03.01:501][  0]LogConfig: Setting CVar [[p.chaos.AllowCreatePhysxBodies:1]]
[2019.10.23-02.03.01:501][  0]LogConfig: Applying CVar settings from Section [ConsoleVariables] File [E:/Unreal Projects/blank/Saved/Config/Windows/Engine.ini]
[2019.10.23-02.03.01:501][  0]LogInit: Computer: SKYUSER-H6DLSMN
[2019.10.23-02.03.01:501][  0]LogInit: User: Administrator
[2019.10.23-02.03.01:501][  0]LogInit: CPU Page size=4096, Cores=6
[2019.10.23-02.03.01:501][  0]LogInit: High frequency timer resolution =3.117191 MHz
[2019.10.23-02.03.01:501][  0]LogMemory: Memory total: Physical=15.8GB (16GB approx)
[2019.10.23-02.03.01:501][  0]LogMemory: Platform Memory Stats for Windows
[2019.10.23-02.03.01:501][  0]LogMemory: Process Physical Memory: 97.36 MB used, 97.36 MB peak
[2019.10.23-02.03.01:501][  0]LogMemory: Process Virtual Memory: 85.91 MB used, 85.91 MB peak
[2019.10.23-02.03.01:501][  0]LogMemory: Physical Memory: 14140.17 MB used,  2023.11 MB free, 16163.28 MB total
[2019.10.23-02.03.01:501][  0]LogMemory: Virtual Memory: 4668.43 MB used,  134213056.00 MB free, 134217728.00 MB total
[2019.10.23-02.03.01:514][  0]LogInit: Overriding language with editor language configuration option (en).
[2019.10.23-02.03.01:514][  0]LogInit: Overriding locale with editor locale configuration option (en).
[2019.10.23-02.03.01:625][  0]LogInit: Setting process to per monitor DPI aware
[2019.10.23-02.03.01:642][  0]LogSlate: New Slate User Created.  User Index 0, Is Virtual User: 0
[2019.10.23-02.03.01:642][  0]LogSlate: Slate User Registered.  User Index 0, Is Virtual User: 0
[2019.10.23-02.03.01:745][  0]LogHMD: Failed to initialize OpenVR with code 110
[2019.10.23-02.03.01:745][  0]LogD3D11RHI: D3D11 adapters:
[2019.10.23-02.03.01:803][  0]LogD3D11RHI:    0. 'NVIDIA GeForce GTX 1050' (Feature Level 11_0)
[2019.10.23-02.03.01:803][  0]LogD3D11RHI:       1977/0/8081 MB DedicatedVideo/DedicatedSystem/SharedSystem, Outputs:1, VendorId:0x10de
[2019.10.23-02.03.01:814][  0]LogD3D11RHI:    1. 'Intel(R) UHD Graphics 630' (Feature Level 11_0)
[2019.10.23-02.03.01:814][  0]LogD3D11RHI:       128/0/8081 MB DedicatedVideo/DedicatedSystem/SharedSystem, Outputs:0, VendorId:0x8086
[2019.10.23-02.03.01:815][  0]LogD3D11RHI:    2. 'Microsoft Basic Render Driver' (Feature Level 11_0)
[2019.10.23-02.03.01:815][  0]LogD3D11RHI:       0/0/8081 MB DedicatedVideo/DedicatedSystem/SharedSystem, Outputs:0, VendorId:0x1414
[2019.10.23-02.03.01:815][  0]LogD3D11RHI: Chosen D3D11 Adapter: 0
[2019.10.23-02.03.01:859][  0]LogD3D11RHI: Creating new Direct3DDevice
[2019.10.23-02.03.01:859][  0]LogD3D11RHI:     GPU DeviceId: 0x1c81 (for the marketing name, search the web for "GPU Device Id")
[2019.10.23-02.03.01:859][  0]LogWindows: EnumDisplayDevices:
[2019.10.23-02.03.01:859][  0]LogWindows:    0. 'NVIDIA GeForce GTX 1050' (P:1 D:1)
[2019.10.23-02.03.01:859][  0]LogWindows:    1. 'NVIDIA GeForce GTX 1050' (P:0 D:0)
[2019.10.23-02.03.01:859][  0]LogWindows:    2. 'NVIDIA GeForce GTX 1050' (P:0 D:0)
[2019.10.23-02.03.01:859][  0]LogWindows:    3. 'NVIDIA GeForce GTX 1050' (P:0 D:0)
[2019.10.23-02.03.01:860][  0]LogWindows:    4. 'Intel(R) UHD Graphics 630' (P:0 D:0)
[2019.10.23-02.03.01:860][  0]LogWindows:    5. 'Intel(R) UHD Graphics 630' (P:0 D:0)
[2019.10.23-02.03.01:860][  0]LogWindows:    6. 'Intel(R) UHD Graphics 630' (P:0 D:0)
[2019.10.23-02.03.01:860][  0]LogWindows: DebugString: PrimaryIsNotTheChoosenAdapter PrimaryIsNotTheChoosenAdapter PrimaryIsNotTheChoosenAdapter FoundDriverCount:4 
[2019.10.23-02.03.01:860][  0]LogD3D11RHI:     Adapter Name: NVIDIA GeForce GTX 1050
[2019.10.23-02.03.01:860][  0]LogD3D11RHI:   Driver Version: 417.35 (internal:25.21.14.1735, unified:417.35)
[2019.10.23-02.03.01:860][  0]LogD3D11RHI:      Driver Date: 12-11-2018
[2019.10.23-02.03.01:860][  0]LogRHI: Texture pool is 1384 MB (70% of 1977 MB)
[2019.10.23-02.03.01:889][  0]LogD3D11RHI: Async texture creation enabled
[2019.10.23-02.03.01:892][  0]LogRendererCore: FGlobalReadBuffer::InitRHI
[2019.10.23-02.03.01:893][  0]LogRendererCore: FGlobalReadBuffer::InitRHI
[2019.10.23-02.03.01:893][  0]LogRendererCore: FGlobalReadBuffer::InitRHI
[2019.10.23-02.03.01:906][  0]LogD3D11RHI: GPU Timing Frequency: 1000.000000 (Debug: 2 2)
[2019.10.23-02.03.02:060][  0]LogTemp: Display: Module 'AllDesktopTargetPlatform' loaded TargetPlatform 'AllDesktop'
[2019.10.23-02.03.02:068][  0]LogTemp: Display: Module 'MacClientTargetPlatform' loaded TargetPlatform 'MacClient'
[2019.10.23-02.03.02:075][  0]LogTemp: Display: Module 'MacNoEditorTargetPlatform' loaded TargetPlatform 'MacNoEditor'
[2019.10.23-02.03.02:083][  0]LogTemp: Display: Module 'MacServerTargetPlatform' loaded TargetPlatform 'MacServer'
[2019.10.23-02.03.02:091][  0]LogTemp: Display: Module 'MacTargetPlatform' loaded TargetPlatform 'Mac'
[2019.10.23-02.03.02:098][  0]LogTemp: Display: Module 'WindowsClientTargetPlatform' loaded TargetPlatform 'WindowsClient'
[2019.10.23-02.03.02:106][  0]LogTemp: Display: Module 'WindowsNoEditorTargetPlatform' loaded TargetPlatform 'WindowsNoEditor'
[2019.10.23-02.03.02:113][  0]LogTemp: Display: Module 'WindowsServerTargetPlatform' loaded TargetPlatform 'WindowsServer'
[2019.10.23-02.03.02:117][  0]LogTemp: Display: Module 'WindowsTargetPlatform' loaded TargetPlatform 'Windows'
[2019.10.23-02.03.02:155][  0]LogTemp: Display: Module 'AndroidTargetPlatform' loaded TargetPlatform 'Android'
[2019.10.23-02.03.02:155][  0]LogTemp: Display: Module 'AndroidTargetPlatform' loaded TargetPlatform 'Android_ASTC'
[2019.10.23-02.03.02:155][  0]LogTemp: Display: Module 'AndroidTargetPlatform' loaded TargetPlatform 'Android_ATC'
[2019.10.23-02.03.02:155][  0]LogTemp: Display: Module 'AndroidTargetPlatform' loaded TargetPlatform 'Android_DXT'
[2019.10.23-02.03.02:155][  0]LogTemp: Display: Module 'AndroidTargetPlatform' loaded TargetPlatform 'Android_ETC1'
[2019.10.23-02.03.02:155][  0]LogTemp: Display: Module 'AndroidTargetPlatform' loaded TargetPlatform 'Android_ETC1a'
[2019.10.23-02.03.02:155][  0]LogTemp: Display: Module 'AndroidTargetPlatform' loaded TargetPlatform 'Android_ETC2'
[2019.10.23-02.03.02:155][  0]LogTemp: Display: Module 'AndroidTargetPlatform' loaded TargetPlatform 'Android_PVRTC'
[2019.10.23-02.03.02:155][  0]LogTemp: Display: Module 'AndroidTargetPlatform' loaded TargetPlatform 'AndroidClient'
[2019.10.23-02.03.02:155][  0]LogTemp: Display: Module 'AndroidTargetPlatform' loaded TargetPlatform 'Android_ASTCClient'
[2019.10.23-02.03.02:155][  0]LogTemp: Display: Module 'AndroidTargetPlatform' loaded TargetPlatform 'Android_ATCClient'
[2019.10.23-02.03.02:155][  0]LogTemp: Display: Module 'AndroidTargetPlatform' loaded TargetPlatform 'Android_DXTClient'
[2019.10.23-02.03.02:155][  0]LogTemp: Display: Module 'AndroidTargetPlatform' loaded TargetPlatform 'Android_ETC1Client'
[2019.10.23-02.03.02:155][  0]LogTemp: Display: Module 'AndroidTargetPlatform' loaded TargetPlatform 'Android_ETC1aClient'
[2019.10.23-02.03.02:155][  0]LogTemp: Display: Module 'AndroidTargetPlatform' loaded TargetPlatform 'Android_ETC2Client'
[2019.10.23-02.03.02:155][  0]LogTemp: Display: Module 'AndroidTargetPlatform' loaded TargetPlatform 'Android_PVRTCClient'
[2019.10.23-02.03.02:156][  0]LogTemp: Display: Module 'AndroidTargetPlatform' loaded TargetPlatform 'Android_Multi'
[2019.10.23-02.03.02:156][  0]LogTemp: Display: Module 'AndroidTargetPlatform' loaded TargetPlatform 'Android_MultiClient'
[2019.10.23-02.03.02:156][  0]LogTemp: Display: Module 'HTML5TargetPlatform' loaded TargetPlatform 'HTML5'
[2019.10.23-02.03.02:193][  0]LogTemp: Display: Module 'IOSTargetPlatform' loaded TargetPlatform 'IOSClient'
[2019.10.23-02.03.02:193][  0]LogTemp: Display: Module 'IOSTargetPlatform' loaded TargetPlatform 'IOS'
[2019.10.23-02.03.02:205][  0]LogTemp: Display: Module 'TVOSTargetPlatform' loaded TargetPlatform 'TVOSClient'
[2019.10.23-02.03.02:205][  0]LogTemp: Display: Module 'TVOSTargetPlatform' loaded TargetPlatform 'TVOS'
[2019.10.23-02.03.02:229][  0]LogTemp: Display: Module 'LuminTargetPlatform' loaded TargetPlatform 'Lumin'
[2019.10.23-02.03.02:229][  0]LogTemp: Display: Module 'LuminTargetPlatform' loaded TargetPlatform 'LuminClient'
[2019.10.23-02.03.02:229][  0]LogTargetPlatformManager: Display: Building Assets For Windows
[2019.10.23-02.03.02:241][  0]LogAudioDebug: Display: Lib vorbis DLL was dynamically loaded.
[2019.10.23-02.03.02:273][  0]LogShaderCompilers: Guid format shader working directory is 19 characters bigger than the processId version (../../../../Unreal Projects/blank/Intermediate/Shaders/WorkingDirectory/265320/).
[2019.10.23-02.03.02:273][  0]LogShaderCompilers: Cleaned the shader compiler working directory 'C:/Users/Administrator/AppData/Local/Temp/UnrealShaderWorkingDir/5D5AA10140384FF7D41529A0ADA5FC06/'.
[2019.10.23-02.03.02:274][  0]LogXGEController: Cannot use XGE Controller as Incredibuild is not installed on this machine.
[2019.10.23-02.03.02:274][  0]LogShaderCompilers: Cannot use XGE Shader Compiler as Incredibuild is not installed on this machine.
[2019.10.23-02.03.02:274][  0]LogShaderCompilers: Display: Using Local Shader Compiler.
[2019.10.23-02.03.02:682][  0]LogDerivedDataCache: Display: Max Cache Size: 512 MB
[2019.10.23-02.03.03:429][  0]LogDerivedDataCache: Loaded boot cache 0.73s 71MB ../../../../Unreal Projects/blank/DerivedDataCache/Boot.ddc.
[2019.10.23-02.03.03:429][  0]LogDerivedDataCache: Display: Loaded Boot cache: ../../../../Unreal Projects/blank/DerivedDataCache/Boot.ddc
[2019.10.23-02.03.03:429][  0]LogDerivedDataCache: FDerivedDataBackendGraph:  Pak pak cache file ../../../../Unreal Projects/blank/DerivedDataCache/DDC.ddp not found, will not use a pak cache.
[2019.10.23-02.03.03:429][  0]LogDerivedDataCache: Unable to find inner node Pak for hierarchical cache Hierarchy.
[2019.10.23-02.03.03:429][  0]LogDerivedDataCache: FDerivedDataBackendGraph:  EnginePak pak cache file ../../../Engine/DerivedDataCache/DDC.ddp not found, will not use a pak cache.
[2019.10.23-02.03.03:429][  0]LogDerivedDataCache: Unable to find inner node EnginePak for hierarchical cache Hierarchy.
[2019.10.23-02.03.03:440][  0]LogDerivedDataCache: Using Local data cache path ../../../Engine/DerivedDataCache: Writable
[2019.10.23-02.03.03:440][  0]LogDerivedDataCache: Shared data cache path not found in *engine.ini, will not use an Shared cache.
[2019.10.23-02.03.03:440][  0]LogDerivedDataCache: Unable to find inner node Shared for hierarchical cache Hierarchy.
[2019.10.23-02.03.03:458][  0]LogMaterial: Verifying Global Shaders for PCD3D_SM5
[2019.10.23-02.03.03:459][  0]LogSlate: Using FreeType 2.6.0
[2019.10.23-02.03.03:459][  0]LogSlate: SlateFontServices - WITH_FREETYPE: 1, WITH_HARFBUZZ: 1
[2019.10.23-02.03.03:522][  0]LogAssetRegistry: FAssetRegistry took 0.0283 seconds to start up
[2019.10.23-02.03.03:719][  0]LogInit: Selected Device Profile: [Windows]
[2019.10.23-02.03.03:813][  0]LogMeshReduction: Using QuadricMeshReduction for automatic static mesh reduction
[2019.10.23-02.03.03:813][  0]LogMeshReduction: Using SimplygonMeshReduction for automatic skeletal mesh reduction
[2019.10.23-02.03.03:813][  0]LogMeshReduction: Using ProxyLODMeshReduction for automatic mesh merging
[2019.10.23-02.03.03:813][  0]LogMeshReduction: No distributed automatic mesh merging module available
[2019.10.23-02.03.03:813][  0]LogMeshMerging: No distributed automatic mesh merging module available
[2019.10.23-02.03.03:822][  0]LogNetVersion: blank 1.0.0, NetCL: 0, EngineNetVer: 10, GameNetVer: 0 (Checksum: 923668674)
[2019.10.23-02.03.04:271][  0]LogPackageLocalizationCache: Processed 11 localized package path(s) for 1 prioritized culture(s) in 0.092252 seconds
[2019.10.23-02.03.04:276][  0]LogUObjectArray: 42194 objects as part of root set at end of initial load.
[2019.10.23-02.03.04:276][  0]LogUObjectAllocator: 7322816 out of 0 bytes used by permanent object pool.
[2019.10.23-02.03.04:276][  0]LogUObjectArray: CloseDisregardForGC: 0/0 objects in disregard for GC pool
[2019.10.23-02.03.06:699][  0]LogTcpMessaging: Initializing TcpMessaging bridge
[2019.10.23-02.03.06:713][  0]LogUdpMessaging: Initializing bridge on interface 0.0.0.0:0 to multicast group 230.0.0.1:6666.
[2019.10.23-02.03.06:813][  0]SourceControl: Source control is disabled
[2019.10.23-02.03.06:813][  0]SourceControl: Source control is disabled
[2019.10.23-02.03.06:814][  0]SourceControl: Source control is disabled
[2019.10.23-02.03.06:815][  0]SourceControl: Source control is disabled
[2019.10.23-02.03.07:269][  0]LogAndroidPermission: UAndroidPermissionCallbackProxy::GetInstance
[2019.10.23-02.03.07:342][  0]LogOcInput: OculusInput pre-init called
[2019.10.23-02.03.07:831][  0]LogEngine: Initializing Engine...
[2019.10.23-02.03.07:831][  0]LogHMD: Failed to initialize OpenVR with code 110
[2019.10.23-02.03.07:832][  0]LogStats: UGameplayTagsManager::InitializeManager -  0.000 s
[2019.10.23-02.03.07:990][  0]LogInit: Initializing FReadOnlyCVARCache
[2019.10.23-02.03.08:001][  0]LogAIModule: Creating AISystem for world Untitled
[2019.10.23-02.03.08:058][  0]LogInit: XAudio2 using '耳机 (Synaptics HD Audio)' : 2 channels at 48 kHz using 16 bits per sample (channel mask 0x3)
[2019.10.23-02.03.08:067][  0]LogInit: FAudioDevice initialized.
[2019.10.23-02.03.08:067][  0]LogNetVersion: Set ProjectVersion to 1.0.0.0. Version Checksum will be recalculated on next use.
[2019.10.23-02.03.08:591][  0]LogDerivedDataCache: Saved boot cache 0.52s 71MB ../../../../Unreal Projects/blank/DerivedDataCache/Boot.ddc.
[2019.10.23-02.03.08:608][  0]LogInit: Texture streaming: Enabled
[2019.10.23-02.03.08:630][  0]LogEngineSessionManager: EngineSessionManager initialized
[2019.10.23-02.03.08:753][  0]LogInit: Transaction tracking system initialized
[2019.10.23-02.03.08:775][  0]BlueprintLog: New page: Editor Load
[2019.10.23-02.03.08:836][  0]LocalizationService: Localization service is disabled
[2019.10.23-02.03.09:175][  0]LogFileCache: Scanning file cache for directory 'E:/Unreal Projects/blank/Content/' took 0.03s
[2019.10.23-02.03.09:175][  0]LogCook: Display: Max memory allowance for cook 16384mb min free memory 0mb
[2019.10.23-02.03.09:175][  0]LogCook: Display: Mobile HDR setting 1
[2019.10.23-02.03.09:339][  0]SourceControl: Source control is disabled
[2019.10.23-02.03.09:339][  0]Cmd: MAP LOAD FILE="../../../../Unreal Projects/blank/Content/StarterContent/Maps/Minimal_Default.umap" TEMPLATE=0 SHOWPROGRESS=1 FEATURELEVEL=3
[2019.10.23-02.03.09:339][  0]LightingResults: New page: Lighting Build
[2019.10.23-02.03.09:342][  0]MapCheck: New page: Map Check
[2019.10.23-02.03.09:342][  0]LightingResults: New page: Lighting Build
[2019.10.23-02.03.09:374][  0]LogUObjectHash: Compacting FUObjectHashTables data took   1.42ms
[2019.10.23-02.03.12:912][  0]LogStaticMesh: Building static mesh lake...
[2019.10.23-02.03.13:228][  0]LogStaticMesh: Built static mesh [0.34s] /Game/blank/object/lake.lake
[2019.10.23-02.03.14:117][  0]LogAIModule: Creating AISystem for world Minimal_Default
[2019.10.23-02.03.14:356][  0]LogEditorServer: Finished looking for orphan Actors (0.000 secs)
[2019.10.23-02.03.14:445][  0]LogUObjectHash: Compacting FUObjectHashTables data took   2.00ms
[2019.10.23-02.03.14:445][  0]Cmd: MAP CHECKDEP NOCLEARLOG
[2019.10.23-02.03.14:445][  0]MapCheck: Map check complete: 0 Error(s), 0 Warning(s), took 0.081ms to complete.
[2019.10.23-02.03.14:446][  0]LogFileHelpers: Loading map 'Minimal_Default' took 5.107
[2019.10.23-02.03.16:188][  0]LogSlate: Updating window title bar state: overlay mode, drag disabled, window buttons hidden, title bar hidden
[2019.10.23-02.03.16:240][  0]LogSlate: Updating window title bar state: overlay mode, drag disabled, window buttons hidden, title bar hidden
[2019.10.23-02.03.16:247][  0]LogSlate: Updating window title bar state: overlay mode, drag disabled, window buttons hidden, title bar hidden
[2019.10.23-02.03.16:254][  0]LogSlate: Updating window title bar state: overlay mode, drag disabled, window buttons hidden, title bar hidden
[2019.10.23-02.03.16:480][  0]LogCollectionManager: Loaded 0 collections in 0.001355 seconds
[2019.10.23-02.03.17:117][  0]LogFileCache: Scanning file cache for directory 'E:/Unreal Projects/blank/Saved/Collections/' took 0.01s
[2019.10.23-02.03.17:117][  0]LogFileCache: Scanning file cache for directory 'E:/Unreal Projects/blank/Content/Developers/Administrator/Collections/' took 0.00s
[2019.10.23-02.03.17:117][  0]LogFileCache: Scanning file cache for directory 'E:/Unreal Projects/blank/Content/Collections/' took 0.01s
[2019.10.23-02.03.17:117][  0]LogCollectionManager: Rebuilt the GUID cache for 0 collections in 0.000000 seconds
[2019.10.23-02.03.17:141][  0]LogContentBrowser: Native class hierarchy populated in 0.0162 seconds. Added 2747 classes and 663 folders.
[2019.10.23-02.03.17:359][  0]LogContentBrowser: Native class hierarchy updated for 'WidgetCarousel' in 0.0003 seconds. Added 0 classes and 0 folders.
[2019.10.23-02.03.17:501][  0]LogPakFile: Registered encryption key '00000000000000000000000000000000': 0 pak files mounted, 0 remain pending
[2019.10.23-02.03.17:597][  0]LogPakFile: Registered encryption key '00000000000000000000000000000000': 0 pak files mounted, 0 remain pending
[2019.10.23-02.03.17:628][  0]LogPakFile: Registered encryption key '00000000000000000000000000000000': 0 pak files mounted, 0 remain pending
[2019.10.23-02.03.17:703][  0]LogPakFile: Registered encryption key '00000000000000000000000000000000': 0 pak files mounted, 0 remain pending
[2019.10.23-02.03.17:772][  0]LogPakFile: Registered encryption key '00000000000000000000000000000000': 0 pak files mounted, 0 remain pending
[2019.10.23-02.03.17:862][  0]LogPakFile: Registered encryption key '00000000000000000000000000000000': 0 pak files mounted, 0 remain pending
[2019.10.23-02.03.17:883][  0]LogPakFile: Registered encryption key '00000000000000000000000000000000': 0 pak files mounted, 0 remain pending
[2019.10.23-02.03.17:893][  0]LogPakFile: Registered encryption key '00000000000000000000000000000000': 0 pak files mounted, 0 remain pending
[2019.10.23-02.03.17:894][  0]LogPakFile: Registered encryption key '00000000000000000000000000000000': 0 pak files mounted, 0 remain pending
[2019.10.23-02.03.17:929][  0]LogPakFile: Registered encryption key '00000000000000000000000000000000': 0 pak files mounted, 0 remain pending
[2019.10.23-02.03.17:965][  0]LogPakFile: Registered encryption key '00000000000000000000000000000000': 0 pak files mounted, 0 remain pending
[2019.10.23-02.03.17:978][  0]LogPakFile: Registered encryption key '00000000000000000000000000000000': 0 pak files mounted, 0 remain pending
[2019.10.23-02.03.17:979][  0]LogPakFile: Registered encryption key '00000000000000000000000000000000': 0 pak files mounted, 0 remain pending
[2019.10.23-02.03.17:984][  0]LogPakFile: Registered encryption key '00000000000000000000000000000000': 0 pak files mounted, 0 remain pending
[2019.10.23-02.03.18:019][  0]LogPakFile: Registered encryption key '00000000000000000000000000000000': 0 pak files mounted, 0 remain pending
[2019.10.23-02.03.18:104][  0]LogPakFile: Registered encryption key '00000000000000000000000000000000': 0 pak files mounted, 0 remain pending
[2019.10.23-02.03.18:106][  0]LogPakFile: Registered encryption key '00000000000000000000000000000000': 0 pak files mounted, 0 remain pending
[2019.10.23-02.03.18:107][  0]LogPakFile: Registered encryption key '00000000000000000000000000000000': 0 pak files mounted, 0 remain pending
[2019.10.23-02.03.18:112][  0]LogPakFile: Registered encryption key '00000000000000000000000000000000': 0 pak files mounted, 0 remain pending
[2019.10.23-02.03.18:122][  0]LogPakFile: Registered encryption key '00000000000000000000000000000000': 0 pak files mounted, 0 remain pending
[2019.10.23-02.03.18:123][  0]LogPakFile: Registered encryption key '00000000000000000000000000000000': 0 pak files mounted, 0 remain pending
[2019.10.23-02.03.18:124][  0]LogPakFile: Registered encryption key '00000000000000000000000000000000': 0 pak files mounted, 0 remain pending
[2019.10.23-02.03.18:149][  0]LogPakFile: Registered encryption key '00000000000000000000000000000000': 0 pak files mounted, 0 remain pending
[2019.10.23-02.03.18:151][  0]LogPakFile: Registered encryption key '00000000000000000000000000000000': 0 pak files mounted, 0 remain pending
[2019.10.23-02.03.18:205][  0]LogPakFile: Registered encryption key '00000000000000000000000000000000': 0 pak files mounted, 0 remain pending
[2019.10.23-02.03.18:250][  0]LogPakFile: Registered encryption key '00000000000000000000000000000000': 0 pak files mounted, 0 remain pending
[2019.10.23-02.03.21:201][  0]LogContentBrowser: Native class hierarchy updated for 'AddContentDialog' in 0.0002 seconds. Added 0 classes and 0 folders.
[2019.10.23-02.03.21:618][  0]LogContentBrowser: Native class hierarchy updated for 'SceneOutliner' in 0.0002 seconds. Added 1 classes and 2 folders.
[2019.10.23-02.03.24:108][  0]LogSlate: Took 0.000103 seconds to synchronously load lazily loaded font '../../../Engine/Content/Slate/Fonts/Roboto-Regular.ttf' (155K)
[2019.10.23-02.03.24:122][  0]LogSlate: Took 0.000105 seconds to synchronously load lazily loaded font '../../../Engine/Content/Slate/Fonts/Roboto-Bold.ttf' (160K)
[2019.10.23-02.03.24:200][  0]LogSlate: Took 0.007792 seconds to synchronously load lazily loaded font '../../../Engine/Content/Editor/Slate/Fonts/FontAwesome.ttf' (139K)
[2019.10.23-02.03.24:642][  0]LogRenderer: Reallocating scene render targets to support 1152x488 Format 10 NumSamples 1 (Frame:1).
[2019.10.23-02.03.25:078][  0]LogContentBrowser: Native class hierarchy updated for 'HierarchicalLODOutliner' in 0.0002 seconds. Added 0 classes and 0 folders.
[2019.10.23-02.03.25:078][  0]LogLoad: (Engine Initialization) Total time: 25.69 seconds
[2019.10.23-02.03.25:078][  0]LogLoad: (Engine Initialization) Total Blueprint compile time: 0.00 seconds
[2019.10.23-02.03.25:090][  0]LogWindowsTextInputMethodSystem: Display: IME system now deactivated.
[2019.10.23-02.03.25:155][  0]LogAssetRegistry: Asset discovery search completed in 21.6556 seconds
[2019.10.23-02.03.25:157][  0]LogCollectionManager: Rebuilt the object cache for 0 collections in 0.000001 seconds (found 0 objects)
[2019.10.23-02.03.25:157][  0]LogCollectionManager: Fixed up redirectors for 0 collections in 0.000048 seconds (updated 0 objects)
[2019.10.23-02.03.25:171][  0]LogContentStreaming: Texture pool size now 1000 MB
[2019.10.23-02.03.25:331][  0]LogSlate: Took 0.016611 seconds to synchronously load lazily loaded font '../../../Engine/Content/Slate/Fonts/Roboto-Light.ttf' (167K)
[2019.10.23-02.03.26:135][ 66]LogSlate: Took 0.000096 seconds to synchronously load lazily loaded font '../../../Engine/Content/Slate/Fonts/Roboto-Light.ttf' (167K)
[2019.10.23-02.07.05:379][180]LogSlate: FSceneViewport::OnFocusLost() reason 0
[2019.10.23-02.07.12:329][844]LogAssetEditorManager: Opening Asset editor for StaticMesh /Game/blank/object/lake.lake
[2019.10.23-02.07.14:113][844]LogRenderer: Reallocating scene render targets to support 1232x660 Format 10 NumSamples 1 (Frame:1).
[2019.10.23-02.07.14:113][844]LogSlate: Took 0.010899 seconds to synchronously load lazily loaded font '../../../Engine/Content/Slate/Fonts/Roboto-Italic.ttf' (157K)
[2019.10.23-02.07.16:334][980]LogSlate: Window 'lake' being destroyed
[2019.10.23-02.07.16:339][980]LogSlate: Window 'lake' being destroyed
[2019.10.23-02.07.21:104][277]LogAIModule: Creating AISystem for world 1
[2019.10.23-02.07.21:201][277]LogAssetEditorManager: Opening Asset editor for World /Game/blank/scene/1.1
[2019.10.23-02.07.21:275][277]LogUObjectHash: Compacting FUObjectHashTables data took   1.30ms
[2019.10.23-02.07.21:350][277]Cmd: MAP LOAD FILE="../../../../Unreal Projects/blank/Content/blank/scene/1.umap" TEMPLATE=0 SHOWPROGRESS=1 FEATURELEVEL=3
[2019.10.23-02.07.21:351][277]LightingResults: New page: Lighting Build
[2019.10.23-02.07.21:352][277]LoadErrors: New page: Loading map: 1.umap
[2019.10.23-02.07.21:386][277]MapCheck: New page: Map Check
[2019.10.23-02.07.21:386][277]LightingResults: New page: Lighting Build
[2019.10.23-02.07.21:416][277]LogUObjectHash: Compacting FUObjectHashTables data took   1.63ms
[2019.10.23-02.07.23:470][277]LogEditorServer: Finished looking for orphan Actors (0.000 secs)
[2019.10.23-02.07.23:527][277]LogUObjectHash: Compacting FUObjectHashTables data took   1.32ms
[2019.10.23-02.07.23:537][277]Cmd: MAP CHECKDEP NOCLEARLOG
[2019.10.23-02.07.23:537][277]MapCheck: Map check complete: 0 Error(s), 0 Warning(s), took 0.057ms to complete.
[2019.10.23-02.07.23:537][277]LogFileHelpers: Loading map '1' took 2.200
[2019.10.23-02.07.29:995][931]Cmd: BRUSH ADD SELECTNEWBRUSH
[2019.10.23-02.07.32:317][127]LogSlate: FSceneViewport::OnFocusLost() reason 0
[2019.10.23-02.08.04:035][801]LogSlate: FSceneViewport::OnFocusLost() reason 0
[2019.10.23-02.08.08:980][392]LogSlate: FSceneViewport::OnFocusLost() reason 0
[2019.10.23-02.08.18:424][514]LogSlate: Window 'Select Path' being destroyed
[2019.10.23-02.08.18:486][514]LogStaticMesh: Building static mesh Box_Brush_StaticMesh...
[2019.10.23-02.08.18:488][514]LogStaticMesh: Built static mesh [0.00s] /Game/blank/object/Box_Brush_StaticMesh.Box_Brush_StaticMesh
[2019.10.23-02.08.18:489][514]LogActorFactory: Actor Factory created Box_Brush_StaticMesh
[2019.10.23-02.08.18:709][514]LogEditor: Error: Actor 'Brush /Game/blank/scene/1.1:PersistentLevel.BoxBrush' is marked pending kill and cannot be converted
[2019.10.23-02.08.18:709][514]EditorErrors: New page: Actor Reattachment
[2019.10.23-02.08.18:732][514]LogUObjectHash: Compacting FUObjectHashTables data took   1.00ms
[2019.10.23-02.08.47:509][302]LogAssetEditorManager: Opening Asset editor for StaticMesh /Game/blank/object/Box_Brush_StaticMesh.Box_Brush_StaticMesh
[2019.10.23-02.08.50:759][540]LogSlate: FSceneViewport::OnFocusLost() reason 0
[2019.10.23-02.08.52:784][717]LogSlate: Window 'Box_Brush_StaticMesh' being destroyed
[2019.10.23-02.08.52:789][717]LogSlate: Window 'Box_Brush_StaticMesh' being destroyed
[2019.10.23-02.08.59:080][111]LogAssetEditorManager: Opening Asset editor for StaticMesh /Game/blank/object/Box_Brush_StaticMesh.Box_Brush_StaticMesh
[2019.10.23-02.09.11:339][263]Cmd: OBJ SAVEPACKAGE PACKAGE="/Game/blank/object/Box_Brush_StaticMesh" FILE="../../../../Unreal Projects/blank/Content/blank/object/Box_Brush_StaticMesh.uasset" SILENT=true
[2019.10.23-02.09.11:448][263]LogSavePackage: Moving '../../../../Unreal Projects/blank/Saved/Box_Brush_StaticMesh37D9CD9E49DCD1725251E881C026BBB1.tmp' to '../../../../Unreal Projects/blank/Content/blank/object/Box_Brush_StaticMesh.uasset'
[2019.10.23-02.09.12:917][374]LogSlate: Window 'Box_Brush_StaticMesh' being destroyed
[2019.10.23-02.09.12:921][374]LogSlate: Window 'Box_Brush_StaticMesh' being destroyed
[2019.10.23-02.09.35:986][491]LogEditorViewport: Clicking on Actor (LMB): StaticMeshActor (Cube)
[2019.10.23-02.09.39:987][948]LogSlate: FSceneViewport::OnFocusLost() reason 0
[2019.10.23-02.09.40:114][963]LogTemp: Repeating last play command: Selected Viewport
[2019.10.23-02.09.40:163][963]LogBlueprintUserMessages: Early PlayInEditor Detection: Level '/Game/blank/scene/1.1:PersistentLevel' has LevelScriptBlueprint '/Game/blank/scene/1.1:PersistentLevel.1' with GeneratedClass '/Game/blank/scene/1.1_C' with ClassGeneratedBy '/Game/blank/scene/1.1:PersistentLevel.1'
[2019.10.23-02.09.40:180][963]LogPlayLevel: PlayLevel: No blueprints needed recompiling
[2019.10.23-02.09.40:203][963]PIE: New page: PIE session: 1 (Oct 23, 2019, 6:09:40 PM)
[2019.10.23-02.09.40:261][963]LogPlayLevel: Creating play world package: /Game/blank/scene/UEDPIE_0_1
[2019.10.23-02.09.40:435][963]LogPlayLevel: PIE: StaticDuplicateObject took: (0.173729s)
[2019.10.23-02.09.40:435][963]LogAIModule: Creating AISystem for world 1
[2019.10.23-02.09.40:453][963]LogPlayLevel: PIE: World Init took: (0.017318s)
[2019.10.23-02.09.40:453][963]LogPlayLevel: PIE: Created PIE world by copying editor world from /Game/blank/scene/1.1 to /Game/blank/scene/UEDPIE_0_1.1 (0.191340s)
[2019.10.23-02.09.40:478][963]LogUObjectHash: Compacting FUObjectHashTables data took   1.23ms
[2019.10.23-02.09.40:533][963]LogInit: XAudio2 using '耳机 (Synaptics HD Audio)' : 2 channels at 48 kHz using 16 bits per sample (channel mask 0x3)
[2019.10.23-02.09.40:540][963]LogInit: FAudioDevice initialized.
[2019.10.23-02.09.40:625][963]LogLoad: Game class is 'GameModeBase'
[2019.10.23-02.09.40:769][963]LogWorld: Bringing World /Game/blank/scene/UEDPIE_0_1.1 up for play (max tick rate 0) at 2019.10.23-10.09.40
[2019.10.23-02.09.40:770][963]LogWorld: Bringing up level for play took: 0.017982
[2019.10.23-02.09.40:997][963]LogContentBrowser: Native class hierarchy updated for 'MovieSceneCapture' in 0.0003 seconds. Added 20 classes and 0 folders.
[2019.10.23-02.09.41:048][963]PIE: Play in editor start time for /Game/blank/scene/UEDPIE_0_1 0.331
[2019.10.23-02.09.41:053][963]LogBlueprintUserMessages: Late PlayInEditor Detection: Level '/Game/blank/scene/1.1:PersistentLevel' has LevelScriptBlueprint '/Game/blank/scene/1.1:PersistentLevel.1' with GeneratedClass '/Game/blank/scene/1.1_C' with ClassGeneratedBy '/Game/blank/scene/1.1:PersistentLevel.1'
[2019.10.23-02.09.42:752][137]LogBlueprintUserMessages: Early EndPlayMap Detection: Level '/Game/blank/scene/1.1:PersistentLevel' has LevelScriptBlueprint '/Game/blank/scene/1.1:PersistentLevel.1' with GeneratedClass '/Game/blank/scene/1.1_C' with ClassGeneratedBy '/Game/blank/scene/1.1:PersistentLevel.1'
[2019.10.23-02.09.42:754][137]LogSlate: Updating window title bar state: overlay mode, drag disabled, window buttons hidden, title bar hidden
[2019.10.23-02.09.42:820][137]LogPlayLevel: Display: Shutting down PIE online subsystems
[2019.10.23-02.09.42:821][137]LogBlueprintUserMessages: Late EndPlayMap Detection: Level '/Game/blank/scene/1.1:PersistentLevel' has LevelScriptBlueprint '/Game/blank/scene/1.1:PersistentLevel.1' with GeneratedClass '/Game/blank/scene/1.1_C' with ClassGeneratedBy '/Game/blank/scene/1.1:PersistentLevel.1'
[2019.10.23-02.09.42:851][137]LogSlate: Updating window title bar state: overlay mode, drag disabled, window buttons hidden, title bar hidden
[2019.10.23-02.09.42:856][137]LogUObjectHash: Compacting FUObjectHashTables data took   1.26ms
[2019.10.23-02.09.42:874][138]LogPlayLevel: Display: Destroying online subsystem :Context_7
[2019.10.23-02.09.43:540][217]LogEditorViewport: Clicking on Actor (LMB): StaticMeshActor (Cube)
[2019.10.23-02.09.46:397][456]LogSlate: FSceneViewport::OnFocusLost() reason 0
[2019.10.23-02.09.48:070][643]LogTemp: Repeating last play command: Selected Viewport
[2019.10.23-02.09.48:075][643]LogBlueprintUserMessages: Early PlayInEditor Detection: Level '/Game/blank/scene/1.1:PersistentLevel' has LevelScriptBlueprint '/Game/blank/scene/1.1:PersistentLevel.1' with GeneratedClass '/Game/blank/scene/1.1_C' with ClassGeneratedBy '/Game/blank/scene/1.1:PersistentLevel.1'
[2019.10.23-02.09.48:075][643]LogPlayLevel: PlayLevel: No blueprints needed recompiling
[2019.10.23-02.09.48:075][643]PIE: New page: PIE session: 1 (Oct 23, 2019, 6:09:48 PM)
[2019.10.23-02.09.48:075][643]LogPlayLevel: Creating play world package: /Game/blank/scene/UEDPIE_0_1
[2019.10.23-02.09.48:203][643]LogPlayLevel: PIE: StaticDuplicateObject took: (0.127126s)
[2019.10.23-02.09.48:203][643]LogAIModule: Creating AISystem for world 1
[2019.10.23-02.09.48:203][643]LogPlayLevel: PIE: World Init took: (0.000476s)
[2019.10.23-02.09.48:203][643]LogPlayLevel: PIE: Created PIE world by copying editor world from /Game/blank/scene/1.1 to /Game/blank/scene/UEDPIE_0_1.1 (0.127782s)
[2019.10.23-02.09.48:226][643]LogUObjectHash: Compacting FUObjectHashTables data took   0.97ms
[2019.10.23-02.09.48:237][643]LogInit: XAudio2 using '耳机 (Synaptics HD Audio)' : 2 channels at 48 kHz using 16 bits per sample (channel mask 0x3)
[2019.10.23-02.09.48:241][643]LogInit: FAudioDevice initialized.
[2019.10.23-02.09.48:267][643]LogLoad: Game class is 'GameModeBase'
[2019.10.23-02.09.48:284][643]LogWorld: Bringing World /Game/blank/scene/UEDPIE_0_1.1 up for play (max tick rate 0) at 2019.10.23-10.09.48
[2019.10.23-02.09.48:284][643]LogWorld: Bringing up level for play took: 0.016993
[2019.10.23-02.09.48:297][643]PIE: Play in editor start time for /Game/blank/scene/UEDPIE_0_1 -0.421
[2019.10.23-02.09.48:297][643]LogBlueprintUserMessages: Late PlayInEditor Detection: Level '/Game/blank/scene/1.1:PersistentLevel' has LevelScriptBlueprint '/Game/blank/scene/1.1:PersistentLevel.1' with GeneratedClass '/Game/blank/scene/1.1_C' with ClassGeneratedBy '/Game/blank/scene/1.1:PersistentLevel.1'
[2019.10.23-02.09.51:446][ 10]LogBlueprintUserMessages: Early EndPlayMap Detection: Level '/Game/blank/scene/1.1:PersistentLevel' has LevelScriptBlueprint '/Game/blank/scene/1.1:PersistentLevel.1' with GeneratedClass '/Game/blank/scene/1.1_C' with ClassGeneratedBy '/Game/blank/scene/1.1:PersistentLevel.1'
[2019.10.23-02.09.51:446][ 10]LogSlate: Updating window title bar state: overlay mode, drag disabled, window buttons hidden, title bar hidden
[2019.10.23-02.09.51:481][ 10]LogPlayLevel: Display: Shutting down PIE online subsystems
[2019.10.23-02.09.51:482][ 10]LogBlueprintUserMessages: Late EndPlayMap Detection: Level '/Game/blank/scene/1.1:PersistentLevel' has LevelScriptBlueprint '/Game/blank/scene/1.1:PersistentLevel.1' with GeneratedClass '/Game/blank/scene/1.1_C' with ClassGeneratedBy '/Game/blank/scene/1.1:PersistentLevel.1'
[2019.10.23-02.09.51:509][ 10]LogSlate: Updating window title bar state: overlay mode, drag disabled, window buttons hidden, title bar hidden
[2019.10.23-02.09.51:517][ 10]LogUObjectHash: Compacting FUObjectHashTables data took   0.93ms
[2019.10.23-02.09.51:552][ 14]LogPlayLevel: Display: Destroying online subsystem :Context_8
[2019.10.23-02.09.52:052][ 74]LogTemp: Repeating last play command: Selected Viewport
[2019.10.23-02.09.52:057][ 74]LogBlueprintUserMessages: Early PlayInEditor Detection: Level '/Game/blank/scene/1.1:PersistentLevel' has LevelScriptBlueprint '/Game/blank/scene/1.1:PersistentLevel.1' with GeneratedClass '/Game/blank/scene/1.1_C' with ClassGeneratedBy '/Game/blank/scene/1.1:PersistentLevel.1'
[2019.10.23-02.09.52:057][ 74]LogPlayLevel: PlayLevel: No blueprints needed recompiling
[2019.10.23-02.09.52:057][ 74]PIE: New page: PIE session: 1 (Oct 23, 2019, 6:09:52 PM)
[2019.10.23-02.09.52:057][ 74]LogPlayLevel: Creating play world package: /Game/blank/scene/UEDPIE_0_1
[2019.10.23-02.09.52:192][ 74]LogPlayLevel: PIE: StaticDuplicateObject took: (0.134814s)
[2019.10.23-02.09.52:193][ 74]LogAIModule: Creating AISystem for world 1
[2019.10.23-02.09.52:193][ 74]LogPlayLevel: PIE: World Init took: (0.000504s)
[2019.10.23-02.09.52:193][ 74]LogPlayLevel: PIE: Created PIE world by copying editor world from /Game/blank/scene/1.1 to /Game/blank/scene/UEDPIE_0_1.1 (0.135456s)
[2019.10.23-02.09.52:216][ 74]LogUObjectHash: Compacting FUObjectHashTables data took   0.91ms
[2019.10.23-02.09.52:226][ 74]LogInit: XAudio2 using '耳机 (Synaptics HD Audio)' : 2 channels at 48 kHz using 16 bits per sample (channel mask 0x3)
[2019.10.23-02.09.52:231][ 74]LogInit: FAudioDevice initialized.
[2019.10.23-02.09.52:259][ 74]LogLoad: Game class is 'GameModeBase'
[2019.10.23-02.09.52:276][ 74]LogWorld: Bringing World /Game/blank/scene/UEDPIE_0_1.1 up for play (max tick rate 0) at 2019.10.23-10.09.52
[2019.10.23-02.09.52:277][ 74]LogWorld: Bringing up level for play took: 0.017094
[2019.10.23-02.09.52:289][ 74]PIE: Play in editor start time for /Game/blank/scene/UEDPIE_0_1 -0.429
[2019.10.23-02.09.52:289][ 74]LogBlueprintUserMessages: Late PlayInEditor Detection: Level '/Game/blank/scene/1.1:PersistentLevel' has LevelScriptBlueprint '/Game/blank/scene/1.1:PersistentLevel.1' with GeneratedClass '/Game/blank/scene/1.1_C' with ClassGeneratedBy '/Game/blank/scene/1.1:PersistentLevel.1'
[2019.10.23-02.09.54:222][302]LogBlueprintUserMessages: Early EndPlayMap Detection: Level '/Game/blank/scene/1.1:PersistentLevel' has LevelScriptBlueprint '/Game/blank/scene/1.1:PersistentLevel.1' with GeneratedClass '/Game/blank/scene/1.1_C' with ClassGeneratedBy '/Game/blank/scene/1.1:PersistentLevel.1'
[2019.10.23-02.09.54:222][302]LogSlate: Updating window title bar state: overlay mode, drag disabled, window buttons hidden, title bar hidden
[2019.10.23-02.09.54:259][302]LogPlayLevel: Display: Shutting down PIE online subsystems
[2019.10.23-02.09.54:260][302]LogBlueprintUserMessages: Late EndPlayMap Detection: Level '/Game/blank/scene/1.1:PersistentLevel' has LevelScriptBlueprint '/Game/blank/scene/1.1:PersistentLevel.1' with GeneratedClass '/Game/blank/scene/1.1_C' with ClassGeneratedBy '/Game/blank/scene/1.1:PersistentLevel.1'
[2019.10.23-02.09.54:286][302]LogSlate: Updating window title bar state: overlay mode, drag disabled, window buttons hidden, title bar hidden
[2019.10.23-02.09.54:296][302]LogUObjectHash: Compacting FUObjectHashTables data took   0.93ms
[2019.10.23-02.09.54:323][305]LogPlayLevel: Display: Destroying online subsystem :Context_9
[2019.10.23-02.09.58:292][720]LogSlate: FSceneViewport::OnFocusLost() reason 0
[2019.10.23-02.10.00:195][852]LogActorFactory: Actor Factory created base_StaticMesh
[2019.10.23-02.10.01:456][  3]LogActorFactory: Actor Factory created base_StaticMesh
[2019.10.23-02.10.03:223][209]LogEditorViewport: Clicking on Actor (LMB): StaticMeshActor (Cube)
[2019.10.23-02.10.03:613][251]Cmd: EDIT COPY
[2019.10.23-02.10.05:030][360]Cmd: EDIT PASTE
[2019.10.23-02.10.08:261][703]LogSlate: FSceneViewport::OnFocusLost() reason 0
[2019.10.23-02.10.08:360][715]LogTemp: Repeating last play command: Selected Viewport
[2019.10.23-02.10.08:365][715]LogBlueprintUserMessages: Early PlayInEditor Detection: Level '/Game/blank/scene/1.1:PersistentLevel' has LevelScriptBlueprint '/Game/blank/scene/1.1:PersistentLevel.1' with GeneratedClass '/Game/blank/scene/1.1_C' with ClassGeneratedBy '/Game/blank/scene/1.1:PersistentLevel.1'
[2019.10.23-02.10.08:365][715]LogPlayLevel: PlayLevel: No blueprints needed recompiling
[2019.10.23-02.10.08:365][715]PIE: New page: PIE session: 1 (Oct 23, 2019, 6:10:08 PM)
[2019.10.23-02.10.08:365][715]LogPlayLevel: Creating play world package: /Game/blank/scene/UEDPIE_0_1
[2019.10.23-02.10.08:488][715]LogPlayLevel: PIE: StaticDuplicateObject took: (0.121821s)
[2019.10.23-02.10.08:488][715]LogAIModule: Creating AISystem for world 1
[2019.10.23-02.10.08:488][715]LogPlayLevel: PIE: World Init took: (0.000439s)
[2019.10.23-02.10.08:488][715]LogPlayLevel: PIE: Created PIE world by copying editor world from /Game/blank/scene/1.1 to /Game/blank/scene/UEDPIE_0_1.1 (0.122377s)
[2019.10.23-02.10.08:510][715]LogUObjectHash: Compacting FUObjectHashTables data took   1.14ms
[2019.10.23-02.10.08:520][715]LogInit: XAudio2 using '耳机 (Synaptics HD Audio)' : 2 channels at 48 kHz using 16 bits per sample (channel mask 0x3)
[2019.10.23-02.10.08:525][715]LogInit: FAudioDevice initialized.
[2019.10.23-02.10.08:555][715]LogLoad: Game class is 'GameModeBase'
[2019.10.23-02.10.08:596][715]LogWorld: Bringing World /Game/blank/scene/UEDPIE_0_1.1 up for play (max tick rate 0) at 2019.10.23-10.10.08
[2019.10.23-02.10.08:596][715]LogWorld: Bringing up level for play took: 0.039308
[2019.10.23-02.10.08:609][715]PIE: Play in editor start time for /Game/blank/scene/UEDPIE_0_1 -0.109
[2019.10.23-02.10.08:609][715]LogBlueprintUserMessages: Late PlayInEditor Detection: Level '/Game/blank/scene/1.1:PersistentLevel' has LevelScriptBlueprint '/Game/blank/scene/1.1:PersistentLevel.1' with GeneratedClass '/Game/blank/scene/1.1_C' with ClassGeneratedBy '/Game/blank/scene/1.1:PersistentLevel.1'
[2019.10.23-02.10.12:203][125]LogBlueprintUserMessages: Early EndPlayMap Detection: Level '/Game/blank/scene/1.1:PersistentLevel' has LevelScriptBlueprint '/Game/blank/scene/1.1:PersistentLevel.1' with GeneratedClass '/Game/blank/scene/1.1_C' with ClassGeneratedBy '/Game/blank/scene/1.1:PersistentLevel.1'
[2019.10.23-02.10.12:204][125]LogSlate: Updating window title bar state: overlay mode, drag disabled, window buttons hidden, title bar hidden
[2019.10.23-02.10.12:244][125]LogPlayLevel: Display: Shutting down PIE online subsystems
[2019.10.23-02.10.12:244][125]LogBlueprintUserMessages: Late EndPlayMap Detection: Level '/Game/blank/scene/1.1:PersistentLevel' has LevelScriptBlueprint '/Game/blank/scene/1.1:PersistentLevel.1' with GeneratedClass '/Game/blank/scene/1.1_C' with ClassGeneratedBy '/Game/blank/scene/1.1:PersistentLevel.1'
[2019.10.23-02.10.12:276][125]LogSlate: Updating window title bar state: overlay mode, drag disabled, window buttons hidden, title bar hidden
[2019.10.23-02.10.12:281][125]LogUObjectHash: Compacting FUObjectHashTables data took   1.06ms
[2019.10.23-02.10.12:307][127]LogPlayLevel: Display: Destroying online subsystem :Context_10
[2019.10.23-02.10.16:473][590]LogSlate: FSceneViewport::OnFocusLost() reason 0
[2019.10.23-02.10.38:072][876]LogAssetEditorManager: Opening Asset editor for StaticMesh /Game/blank/object/Box_Brush_StaticMesh.Box_Brush_StaticMesh
[2019.10.23-02.11.19:462][142]LogSlate: FSceneViewport::OnFocusLost() reason 0
[2019.10.23-02.11.34:900][762]LogSlate: FSceneViewport::OnFocusLost() reason 0
[2019.10.23-02.11.35:051][780]LogSlate: Window 'Box_Brush_StaticMesh' being destroyed
[2019.10.23-02.11.35:055][780]LogSlate: Window 'Box_Brush_StaticMesh' being destroyed
[2019.10.23-02.12.04:652][880]LogActorFactory: Actor Factory created Cube
[2019.10.23-02.12.05:380][967]LogSlate: FSceneViewport::OnFocusLost() reason 2
[2019.10.23-02.12.07:724][238]LogStaticMesh: Building static mesh Cube...
[2019.10.23-02.12.07:732][238]LogSlate: FSceneViewport::OnFocusLost() reason 2
[2019.10.23-02.12.07:736][238]LogStaticMesh: Built static mesh [0.01s] /Game/blank/object/Cube.Cube
[2019.10.23-02.12.07:754][238]LogSlate: FSceneViewport::OnFocusLost() reason 2
[2019.10.23-02.12.33:159][563]LogUObjectHash: Compacting FUObjectHashTables data took   1.28ms
[2019.10.23-02.12.35:455][563]LogSlate: Window 'Delete Assets' being destroyed
[2019.10.23-02.12.35:463][563]LogSlate: FSceneViewport::OnFocusLost() reason 2
[2019.10.23-02.12.35:548][563]LogSlate: FSceneViewport::OnFocusLost() reason 2
[2019.10.23-02.12.35:578][563]LogUObjectHash: Compacting FUObjectHashTables data took   0.56ms
[2019.10.23-02.12.47:866][258]LogSlate: FSceneViewport::OnFocusLost() reason 0
[2019.10.23-02.12.57:333][835]LogAIModule: Creating AISystem for world 2
[2019.10.23-02.12.57:487][835]LogAssetEditorManager: Opening Asset editor for World /Game/blank/scene/2.2
[2019.10.23-02.12.57:515][835]LogUObjectHash: Compacting FUObjectHashTables data took   1.79ms
[2019.10.23-02.12.58:693][835]LogSlate: Window 'Save Content' being destroyed
[2019.10.23-02.12.58:724][835]Cmd: OBJ SAVEPACKAGE PACKAGE="/Game/blank/scene/1" FILE="../../../../Unreal Projects/blank/Content/blank/scene/1.umap" SILENT=true AUTOSAVING=false KEEPDIRTY=false
[2019.10.23-02.12.58:752][835]LogUObjectHash: Compacting FUObjectHashTables data took   0.62ms
[2019.10.23-02.13.00:547][835]LogSavePackage: Moving '../../../../Unreal Projects/blank/Saved/18A5ABBFF4BA7A849D5E999B5A2393F4A.tmp' to '../../../../Unreal Projects/blank/Content/blank/scene/1.umap'
[2019.10.23-02.13.00:556][835]LogFileHelpers: Saving map '1' took 1.848
[2019.10.23-02.13.00:557][835]Cmd: MAP LOAD FILE="../../../../Unreal Projects/blank/Content/blank/scene/2.umap" TEMPLATE=0 SHOWPROGRESS=1 FEATURELEVEL=3
[2019.10.23-02.13.00:557][835]LightingResults: New page: Lighting Build
[2019.10.23-02.13.00:558][835]LoadErrors: New page: Loading map: 2.umap
[2019.10.23-02.13.00:563][835]MapCheck: New page: Map Check
[2019.10.23-02.13.00:563][835]LightingResults: New page: Lighting Build
[2019.10.23-02.13.00:610][835]LogUObjectHash: Compacting FUObjectHashTables data took   1.52ms
[2019.10.23-02.13.00:879][835]LogEditorServer: Finished looking for orphan Actors (0.000 secs)
[2019.10.23-02.13.00:906][835]LogUObjectHash: Compacting FUObjectHashTables data took   1.33ms
[2019.10.23-02.13.00:913][835]Cmd: MAP CHECKDEP NOCLEARLOG
[2019.10.23-02.13.00:913][835]MapCheck: Map check complete: 0 Error(s), 0 Warning(s), took 0.089ms to complete.
[2019.10.23-02.13.00:913][835]LogFileHelpers: Loading map '2' took 0.357
[2019.10.23-02.13.01:118][835]LogAIModule: Creating AISystem for world 1
[2019.10.23-02.13.05:776][349]LogSlate: FSceneViewport::OnFocusLost() reason 0
[2019.10.23-02.13.07:350][524]LogEditorViewport: Clicking on Actor (LMB): baseActor_C (baseActor9005)
[2019.10.23-02.13.18:271][783]LogEditorViewport: Clicking on Actor (LMB): baseActor_C (baseActor9006)
[2019.10.23-02.13.23:119][357]LogSlate: FSceneViewport::OnFocusLost() reason 0
[2019.10.23-02.13.25:623][656]LogAssetEditorManager: Opening Asset editor for Blueprint /Game/blank/object/baseActor.baseActor
[2019.10.23-02.13.26:370][656]LogContentBrowser: Native class hierarchy updated for 'BlueprintGraph' in 0.0005 seconds. Added 121 classes and 0 folders.
[2019.10.23-02.13.27:672][656]LogSlate: Took 0.020916 seconds to synchronously load lazily loaded font '../../../Engine/Content/Slate/Fonts/Roboto-BoldCondensed.ttf' (158K)
[2019.10.23-02.13.40:828][ 44]LogSlate: Window 'baseActor' being destroyed
[2019.10.23-02.13.40:838][ 44]LogSlate: Window 'baseActor' being destroyed
[2019.10.23-02.13.42:048][176]LogEditorViewport: Clicking on Actor (LMB): baseActor_C (baseActor8943)
[2019.10.23-02.13.45:586][596]LogSlate: FSceneViewport::OnFocusLost() reason 0
[2019.10.23-02.13.45:744][614]LogAssetEditorManager: Opening Asset editor for Blueprint /Game/blank/object/baseActor.baseActor
[2019.10.23-02.14.09:714][251]LogSlate: Window 'baseActor' being destroyed
[2019.10.23-02.14.09:718][251]LogSlate: Window 'baseActor' being destroyed
[2019.10.23-02.14.12:534][582]LogSlate: FSceneViewport::OnFocusLost() reason 0
[2019.10.23-02.14.16:675][908]LogEditorViewport: Clicking on Actor (LMB): baseActor_C (baseActor8922)
[2019.10.23-02.14.25:908][951]LogSlate: FSceneViewport::OnFocusLost() reason 0
[2019.10.23-02.14.26:190][967]LogAssetEditorManager: Opening Asset editor for Blueprint /Game/blank/object/baseActor.baseActor
[2019.10.23-02.14.34:519][823]LogSlate: Window 'baseActor' being destroyed
[2019.10.23-02.14.34:531][823]LogSlate: Window 'baseActor' being destroyed
[2019.10.23-02.15.00:764][627]LogSlate: FSceneViewport::OnFocusLost() reason 0
[2019.10.23-02.15.05:450][162]LogAssetEditorManager: Opening Asset editor for Blueprint /Game/blank/script/AutoMaster.AutoMaster
[2019.10.23-02.15.17:302][494]LogSlate: Window 'AutoMaster' being destroyed
[2019.10.23-02.15.17:305][494]LogSlate: Window 'AutoMaster' being destroyed
[2019.10.23-02.15.18:892][611]LogSlate: FSceneViewport::OnFocusLost() reason 0
[2019.10.23-02.15.24:948][248]LogTemp: Repeating last play command: Selected Viewport
[2019.10.23-02.15.24:953][248]LogBlueprintUserMessages: Early PlayInEditor Detection: Level '/Game/blank/scene/2.2:PersistentLevel' has LevelScriptBlueprint '/Game/blank/scene/2.2:PersistentLevel.2' with GeneratedClass '/Game/blank/scene/2.2_C' with ClassGeneratedBy '/Game/blank/scene/2.2:PersistentLevel.2'
[2019.10.23-02.15.24:953][248]LogPlayLevel: PlayLevel: No blueprints needed recompiling
[2019.10.23-02.15.24:953][248]PIE: New page: PIE session: 2 (Oct 23, 2019, 6:15:24 PM)
[2019.10.23-02.15.24:953][248]LogPlayLevel: Creating play world package: /Game/blank/scene/UEDPIE_0_2
[2019.10.23-02.15.24:989][248]LogPlayLevel: PIE: StaticDuplicateObject took: (0.035732s)
[2019.10.23-02.15.24:989][248]LogAIModule: Creating AISystem for world 2
[2019.10.23-02.15.24:989][248]LogPlayLevel: PIE: World Init took: (0.000457s)
[2019.10.23-02.15.24:989][248]LogPlayLevel: PIE: Created PIE world by copying editor world from /Game/blank/scene/2.2 to /Game/blank/scene/UEDPIE_0_2.2 (0.036407s)
[2019.10.23-02.15.25:045][248]LogUObjectHash: Compacting FUObjectHashTables data took   2.67ms
[2019.10.23-02.15.25:056][248]LogInit: XAudio2 using '耳机 (Synaptics HD Audio)' : 2 channels at 48 kHz using 16 bits per sample (channel mask 0x3)
[2019.10.23-02.15.25:061][248]LogInit: FAudioDevice initialized.
[2019.10.23-02.15.25:091][248]LogLoad: Game class is 'GameModeBase'
[2019.10.23-02.15.25:132][248]LogWorld: Bringing World /Game/blank/scene/UEDPIE_0_2.2 up for play (max tick rate 0) at 2019.10.23-10.15.25
[2019.10.23-02.15.25:151][248]LogWorld: Bringing up level for play took: 0.057629
[2019.10.23-02.15.25:164][248]PIE: Play in editor start time for /Game/blank/scene/UEDPIE_0_2 0.447
[2019.10.23-02.15.25:165][248]LogBlueprintUserMessages: Late PlayInEditor Detection: Level '/Game/blank/scene/2.2:PersistentLevel' has LevelScriptBlueprint '/Game/blank/scene/2.2:PersistentLevel.2' with GeneratedClass '/Game/blank/scene/2.2_C' with ClassGeneratedBy '/Game/blank/scene/2.2:PersistentLevel.2'
[2019.10.23-02.15.34:756][394]LogBlueprintUserMessages: Early EndPlayMap Detection: Level '/Game/blank/scene/2.2:PersistentLevel' has LevelScriptBlueprint '/Game/blank/scene/2.2:PersistentLevel.2' with GeneratedClass '/Game/blank/scene/2.2_C' with ClassGeneratedBy '/Game/blank/scene/2.2:PersistentLevel.2'
[2019.10.23-02.15.34:756][394]LogSlate: Updating window title bar state: overlay mode, drag disabled, window buttons hidden, title bar hidden
[2019.10.23-02.15.34:788][394]LogPlayLevel: Display: Shutting down PIE online subsystems
[2019.10.23-02.15.34:788][394]LogBlueprintUserMessages: Late EndPlayMap Detection: Level '/Game/blank/scene/2.2:PersistentLevel' has LevelScriptBlueprint '/Game/blank/scene/2.2:PersistentLevel.2' with GeneratedClass '/Game/blank/scene/2.2_C' with ClassGeneratedBy '/Game/blank/scene/2.2:PersistentLevel.2'
[2019.10.23-02.15.34:841][394]LogSlate: Updating window title bar state: overlay mode, drag disabled, window buttons hidden, title bar hidden
[2019.10.23-02.15.34:851][394]LogUObjectHash: Compacting FUObjectHashTables data took   3.26ms
[2019.10.23-02.15.34:877][395]LogPlayLevel: Display: Destroying online subsystem :Context_16
[2019.10.23-02.15.35:638][484]LogSlate: FSceneViewport::OnFocusLost() reason 0
[2019.10.23-02.15.44:527][370]LogAssetEditorManager: Opening Asset editor for Blueprint /Game/blank/script/AutoMaster.AutoMaster
[2019.10.23-02.15.57:260][786]BlueprintLog: New page: Compile AutoMaster
[2019.10.23-02.15.57:510][786]LogUObjectHash: Compacting FUObjectHashTables data took   2.48ms
[2019.10.23-02.15.58:982][935]Cmd: OBJ SAVEPACKAGE PACKAGE="/Game/blank/script/AutoMaster" FILE="../../../../Unreal Projects/blank/Content/blank/script/AutoMaster.uasset" SILENT=true
[2019.10.23-02.15.59:081][935]LogSavePackage: Moving '../../../../Unreal Projects/blank/Saved/AutoMaster46F3BD584D60BB7059D09B97CE97CB62.tmp' to '../../../../Unreal Projects/blank/Content/blank/script/AutoMaster.uasset'
[2019.10.23-02.16.00:156][ 55]LogSlate: FSceneViewport::OnFocusLost() reason 0
[2019.10.23-02.16.01:053][162]LogSlate: FSceneViewport::OnFocusLost() reason 0
[2019.10.23-02.17.56:829][693]LogScript: Warning: Runaway loop detected (over 1,000,000 iterations) - see log for stack trace
	AutoMaster_C /Game/blank/scene/2.2:PersistentLevel.AutoMaster_2
	Function /Game/blank/script/AutoMaster.AutoMaster_C:ExecuteUbergraph_AutoMaster:01EE
[2019.10.23-02.17.57:454][693]PIE: Error: Infinite loop detected. Blueprint:  AutoMaster Function:  Sequence Call Stack:  Show
